<?xml version="1.0" encoding="UTF-8"?>
<testsuite xmlns:xsi="http://www.w3.org/2001/XMLSchema-instance" xsi:noNamespaceSchemaLocation="https://maven.apache.org/surefire/maven-surefire-plugin/xsd/surefire-test-report-3.0.xsd" version="3.0" name="objectArmy.bookEater.service.BookOfferServiceTest" time="6.093" tests="11" errors="0" skipped="0" failures="0">
  <properties>
[...]
</properties>
  <testcase name="getAllBookOffersExceptFor" classname="objectArmy.bookEater.service.BookOfferServiceTest" time="0.648">
    <system-out><![CDATA[2024-11-28T14:52:39.962+02:00  INFO 4792 --- [           main] t.c.s.AnnotationConfigContextLoaderUtils : Could not detect default configuration classes for test class [objectArmy.bookEater.service.BookOfferServiceTest]: BookOfferServiceTest does not declare any static, non-private, non-final, nested classes annotated with @Configuration.
2024-11-28T14:52:39.963+02:00  INFO 4792 --- [           main] .b.t.c.SpringBootTestContextBootstrapper : Found @SpringBootConfiguration objectArmy.bookEater.BookEaterApplication for test class objectArmy.bookEater.service.BookOfferServiceTest
2024-11-28T14:52:39.967+02:00  INFO 4792 --- [           main] j.LocalContainerEntityManagerFactoryBean : Closing JPA EntityManagerFactory for persistence unit 'default'
2024-11-28T14:52:39.967+02:00  INFO 4792 --- [           main] com.zaxxer.hikari.HikariDataSource       : HikariPool-11 - Shutdown initiated...
2024-11-28T14:52:40.060+02:00  INFO 4792 --- [           main] com.zaxxer.hikari.HikariDataSource       : HikariPool-11 - Shutdown completed.

  .   ____          _            __ _ _
 /\\ / ___'_ __ _ _(_)_ __  __ _ \ \ \ \
( ( )\___ | '_ | '_| | '_ \/ _` | \ \ \ \
 \\/  ___)| |_)| | | | | || (_| |  ) ) ) )
  '  |____| .__|_| |_|_| |_\__, | / / / /
 =========|_|==============|___/=/_/_/_/
 :: Spring Boot ::                (v3.2.4)

2024-11-28T14:52:40.072+02:00  INFO 4792 --- [           main] o.b.service.BookOfferServiceTest         : Starting BookOfferServiceTest using Java 17.0.11 with PID 4792 (started by Dell in C:\Users\Dell\IdeaProjects\Book-Eater\bookEater)
2024-11-28T14:52:40.072+02:00  INFO 4792 --- [           main] o.b.service.BookOfferServiceTest         : The following 1 profile is active: "test"
2024-11-28T14:52:40.145+02:00  INFO 4792 --- [           main] .s.d.r.c.RepositoryConfigurationDelegate : Bootstrapping Spring Data JPA repositories in DEFAULT mode.
2024-11-28T14:52:40.153+02:00  INFO 4792 --- [           main] .s.d.r.c.RepositoryConfigurationDelegate : Finished Spring Data repository scanning in 7 ms. Found 6 JPA repository interfaces.
2024-11-28T14:52:40.190+02:00  INFO 4792 --- [           main] o.hibernate.jpa.internal.util.LogHelper  : HHH000204: Processing PersistenceUnitInfo [name: default]
2024-11-28T14:52:40.192+02:00  INFO 4792 --- [           main] o.h.c.internal.RegionFactoryInitiator    : HHH000026: Second-level cache disabled
2024-11-28T14:52:40.195+02:00  INFO 4792 --- [           main] o.s.o.j.p.SpringPersistenceUnitInfo      : No LoadTimeWeaver setup: ignoring JPA class transformer
2024-11-28T14:52:40.196+02:00  INFO 4792 --- [           main] com.zaxxer.hikari.HikariDataSource       : HikariPool-12 - Starting...
2024-11-28T14:52:40.222+02:00  INFO 4792 --- [           main] com.zaxxer.hikari.pool.HikariPool        : HikariPool-12 - Added connection org.postgresql.jdbc.PgConnection@6c3ac1ef
2024-11-28T14:52:40.222+02:00  INFO 4792 --- [           main] com.zaxxer.hikari.HikariDataSource       : HikariPool-12 - Start completed.
2024-11-28T14:52:40.269+02:00  INFO 4792 --- [           main] o.h.e.t.j.p.i.JtaPlatformInitiator       : HHH000490: Using JTA platform [org.hibernate.engine.transaction.jta.platform.internal.AtomikosJtaPlatform]
Hibernate: alter table if exists book_authors drop constraint if exists FK551i3sllw1wj7ex6nir16blsm
Hibernate: alter table if exists book_authors drop constraint if exists FKs4xm7q8i3uxvaiswj1c35nnxw
Hibernate: alter table if exists book_categories drop constraint if exists FKpm3c24k4vdceji5h47d5u9w2i
Hibernate: alter table if exists book_categories drop constraint if exists FKrq5mftm1ejl023epqbn42lpa3
Hibernate: alter table if exists book_offer drop constraint if exists FKepykb45t97hbcxpbee4s2hb2r
Hibernate: alter table if exists book_offer drop constraint if exists FKdr0ismuose2n030tfeiaq0mda
Hibernate: alter table if exists book_offer_requests drop constraint if exists FKqsawiycp7xjpk7rcvjmfy1kpk
Hibernate: alter table if exists book_offer_requests drop constraint if exists FKjbloa7h2g3bquw2bh3qg2kn1j
Hibernate: alter table if exists book_request drop constraint if exists FK6vrnsl74dq4aa1n9ail8c40s0
Hibernate: alter table if exists book_request drop constraint if exists FKm39gpcesvu1l60saexgsoptjt
Hibernate: alter table if exists user_profile_book_offers drop constraint if exists FKgb61wsmksnqfm248kppoven7b
Hibernate: alter table if exists user_profile_book_offers drop constraint if exists FK6yv2bwf2oh1ci2iefycyun9me
Hibernate: alter table if exists user_profile_favorite_categories drop constraint if exists FK3p4sugirsd434ls2uyr8lm1gp
Hibernate: alter table if exists user_profile_favorite_categories drop constraint if exists FKps6nqcwnrx9d25kryfte9pufe
Hibernate: alter table if exists user_profile_outgoing_book_requests drop constraint if exists FKdf7tl4sqhkawgpyekhahjtegv
Hibernate: alter table if exists user_profile_outgoing_book_requests drop constraint if exists FK8otyxt09ok14v8pqtbtlcne8a
Hibernate: alter table if exists user_profile_notifications drop constraint if exists FKspgfauj74q0mgypxdtyg2k1v5
Hibernate: drop table if exists author cascade
Hibernate: drop table if exists book cascade
Hibernate: drop table if exists book_authors cascade
Hibernate: drop table if exists book_categories cascade
Hibernate: drop table if exists book_category cascade
Hibernate: drop table if exists book_offer cascade
Hibernate: drop table if exists book_offer_requests cascade
Hibernate: drop table if exists book_request cascade
Hibernate: drop table if exists user_profile cascade
Hibernate: drop table if exists user_profile_book_offers cascade
Hibernate: drop table if exists user_profile_favorite_categories cascade
Hibernate: drop table if exists user_profile_outgoing_book_requests cascade
Hibernate: drop table if exists user_profile_notifications cascade
Hibernate: drop sequence if exists author_seq
Hibernate: drop sequence if exists book_category_seq
Hibernate: drop sequence if exists book_offer_seq
Hibernate: drop sequence if exists book_request_seq
Hibernate: drop sequence if exists book_seq
Hibernate: drop sequence if exists user_profile_seq
Hibernate: create sequence author_seq start with 1 increment by 50
Hibernate: create sequence book_category_seq start with 1 increment by 50
Hibernate: create sequence book_offer_seq start with 1 increment by 50
Hibernate: create sequence book_request_seq start with 1 increment by 50
Hibernate: create sequence book_seq start with 1 increment by 50
Hibernate: create sequence user_profile_seq start with 1 increment by 50
Hibernate: create table author (id integer not null, name varchar(255), primary key (id))
Hibernate: create table book (id integer not null, summary varchar(255), title varchar(255), primary key (id))
Hibernate: create table book_authors (authors_id integer not null, book_id integer not null)
Hibernate: create table book_categories (book_id integer not null, categories_id bigint not null)
Hibernate: create table book_category (id bigint not null, name varchar(255) unique, primary key (id))
Hibernate: create table book_offer (offered_book_id integer unique, id bigint not null, offeror_id bigint, post_date timestamp(6), offer_description varchar(255), primary key (id))
Hibernate: create table book_offer_requests (book_offer_id bigint not null, requests_id bigint not null unique)
Hibernate: create table book_request (book_offer_id bigint, id bigint not null, requestee_id bigint, primary key (id), unique (requestee_id, book_offer_id))
Hibernate: create table user_profile (date_of_birth date, id bigint not null, bio varchar(255), email varchar(255) unique, first_name varchar(255), last_name varchar(255), password varchar(255), primary key (id))
Hibernate: create table user_profile_book_offers (book_offers_id bigint not null unique, user_profile_id bigint not null)
Hibernate: create table user_profile_favorite_categories (favorite_categories_id bigint not null, user_profile_id bigint not null)
Hibernate: create table user_profile_outgoing_book_requests (outgoing_book_requests_id bigint not null unique, user_profile_id bigint not null)
Hibernate: create table user_profile_notifications (user_profile_id bigint not null, notifications varchar(255))
Hibernate: alter table if exists book_authors add constraint FK551i3sllw1wj7ex6nir16blsm foreign key (authors_id) references author
Hibernate: alter table if exists book_authors add constraint FKs4xm7q8i3uxvaiswj1c35nnxw foreign key (book_id) references book
Hibernate: alter table if exists book_categories add constraint FKpm3c24k4vdceji5h47d5u9w2i foreign key (categories_id) references book_category
Hibernate: alter table if exists book_categories add constraint FKrq5mftm1ejl023epqbn42lpa3 foreign key (book_id) references book
Hibernate: alter table if exists book_offer add constraint FKepykb45t97hbcxpbee4s2hb2r foreign key (offered_book_id) references book
Hibernate: alter table if exists book_offer add constraint FKdr0ismuose2n030tfeiaq0mda foreign key (offeror_id) references user_profile
Hibernate: alter table if exists book_offer_requests add constraint FKqsawiycp7xjpk7rcvjmfy1kpk foreign key (requests_id) references book_request
Hibernate: alter table if exists book_offer_requests add constraint FKjbloa7h2g3bquw2bh3qg2kn1j foreign key (book_offer_id) references book_offer
Hibernate: alter table if exists book_request add constraint FK6vrnsl74dq4aa1n9ail8c40s0 foreign key (book_offer_id) references book_offer
Hibernate: alter table if exists book_request add constraint FKm39gpcesvu1l60saexgsoptjt foreign key (requestee_id) references user_profile
Hibernate: alter table if exists user_profile_book_offers add constraint FKgb61wsmksnqfm248kppoven7b foreign key (book_offers_id) references book_offer
Hibernate: alter table if exists user_profile_book_offers add constraint FK6yv2bwf2oh1ci2iefycyun9me foreign key (user_profile_id) references user_profile
Hibernate: alter table if exists user_profile_favorite_categories add constraint FK3p4sugirsd434ls2uyr8lm1gp foreign key (favorite_categories_id) references book_category
Hibernate: alter table if exists user_profile_favorite_categories add constraint FKps6nqcwnrx9d25kryfte9pufe foreign key (user_profile_id) references user_profile
Hibernate: alter table if exists user_profile_outgoing_book_requests add constraint FKdf7tl4sqhkawgpyekhahjtegv foreign key (outgoing_book_requests_id) references book_request
Hibernate: alter table if exists user_profile_outgoing_book_requests add constraint FK8otyxt09ok14v8pqtbtlcne8a foreign key (user_profile_id) references user_profile
Hibernate: alter table if exists user_profile_notifications add constraint FKspgfauj74q0mgypxdtyg2k1v5 foreign key (user_profile_id) references user_profile
2024-11-28T14:52:40.334+02:00  INFO 4792 --- [           main] j.LocalContainerEntityManagerFactoryBean : Initialized JPA EntityManagerFactory for persistence unit 'default'
2024-11-28T14:52:40.390+02:00  WARN 4792 --- [           main] JpaBaseConfiguration$JpaWebConfiguration : spring.jpa.open-in-view is enabled by default. Therefore, database queries may be performed during view rendering. Explicitly configure spring.jpa.open-in-view to disable this warning
2024-11-28T14:52:40.416+02:00  INFO 4792 --- [           main] o.s.s.web.DefaultSecurityFilterChain     : Will secure any request with [org.springframework.security.web.session.DisableEncodeUrlFilter@2313e56e, org.springframework.security.web.context.request.async.WebAsyncManagerIntegrationFilter@210b558d, org.springframework.security.web.context.SecurityContextHolderFilter@456629a8, org.springframework.security.web.header.HeaderWriterFilter@333b5a6e, org.springframework.web.filter.CorsFilter@6754608e, org.springframework.security.web.csrf.CsrfFilter@5b11d019, org.springframework.security.web.authentication.logout.LogoutFilter@7dc83b83, org.springframework.security.web.authentication.UsernamePasswordAuthenticationFilter@1fbbc139, org.springframework.security.web.savedrequest.RequestCacheAwareFilter@1022b805, org.springframework.security.web.servletapi.SecurityContextHolderAwareRequestFilter@6096b636, org.springframework.security.web.authentication.AnonymousAuthenticationFilter@26a7d754, org.springframework.security.web.access.ExceptionTranslationFilter@694330ff, org.springframework.security.web.access.intercept.AuthorizationFilter@2ddd689a]
2024-11-28T14:52:40.443+02:00  INFO 4792 --- [           main] o.b.service.BookOfferServiceTest         : Started BookOfferServiceTest in 0.382 seconds (process running for 12.238)
Hibernate: select up1_0.id,up1_0.bio,up1_0.date_of_birth,up1_0.email,up1_0.first_name,up1_0.last_name,up1_0.password from user_profile up1_0 where up1_0.id is null
Hibernate: select nextval('user_profile_seq')
Hibernate: insert into user_profile (bio,date_of_birth,email,first_name,last_name,password,id) values (?,?,?,?,?,?,?)
Hibernate: select up1_0.id,up1_0.bio,up1_0.date_of_birth,up1_0.email,up1_0.first_name,up1_0.last_name,up1_0.password from user_profile up1_0 where up1_0.id is null
Hibernate: select nextval('user_profile_seq')
Hibernate: select a1_0.id,a1_0.name from author a1_0 where a1_0.name=?
Hibernate: select nextval('author_seq')
Hibernate: select bc1_0.id,bc1_0.name from book_category bc1_0 where bc1_0.name=?
Hibernate: select nextval('book_category_seq')
Hibernate: select nextval('book_seq')
Hibernate: select nextval('book_offer_seq')
Hibernate: insert into user_profile (bio,date_of_birth,email,first_name,last_name,password,id) values (?,?,?,?,?,?,?)
Hibernate: insert into author (name,id) values (?,?)
Hibernate: insert into book_category (name,id) values (?,?)
Hibernate: insert into book (summary,title,id) values (?,?,?)
Hibernate: insert into book_offer (offer_description,offered_book_id,offeror_id,post_date,id) values (?,?,?,?,?)
Hibernate: insert into user_profile_book_offers (user_profile_id,book_offers_id) values (?,?)
Hibernate: insert into book_authors (book_id,authors_id) values (?,?)
Hibernate: insert into book_categories (book_id,categories_id) values (?,?)
Hibernate: select bo1_0.id,bo1_0.offer_description,bo1_0.offered_book_id,bo1_0.offeror_id,bo1_0.post_date from book_offer bo1_0 left join user_profile o1_0 on o1_0.id=bo1_0.offeror_id where o1_0.id<>?
]]></system-out>
  </testcase>
  <testcase name="deleteBookOffer" classname="objectArmy.bookEater.service.BookOfferServiceTest" time="0.551">
    <system-out><![CDATA[2024-11-28T14:52:40.617+02:00  INFO 4792 --- [           main] j.LocalContainerEntityManagerFactoryBean : Closing JPA EntityManagerFactory for persistence unit 'default'
2024-11-28T14:52:40.618+02:00  INFO 4792 --- [           main] com.zaxxer.hikari.HikariDataSource       : HikariPool-12 - Shutdown initiated...
2024-11-28T14:52:40.659+02:00  INFO 4792 --- [           main] com.zaxxer.hikari.HikariDataSource       : HikariPool-12 - Shutdown completed.

  .   ____          _            __ _ _
 /\\ / ___'_ __ _ _(_)_ __  __ _ \ \ \ \
( ( )\___ | '_ | '_| | '_ \/ _` | \ \ \ \
 \\/  ___)| |_)| | | | | || (_| |  ) ) ) )
  '  |____| .__|_| |_|_| |_\__, | / / / /
 =========|_|==============|___/=/_/_/_/
 :: Spring Boot ::                (v3.2.4)

2024-11-28T14:52:40.667+02:00  INFO 4792 --- [           main] o.b.service.BookOfferServiceTest         : Starting BookOfferServiceTest using Java 17.0.11 with PID 4792 (started by Dell in C:\Users\Dell\IdeaProjects\Book-Eater\bookEater)
2024-11-28T14:52:40.668+02:00  INFO 4792 --- [           main] o.b.service.BookOfferServiceTest         : The following 1 profile is active: "test"
2024-11-28T14:52:40.725+02:00  INFO 4792 --- [           main] .s.d.r.c.RepositoryConfigurationDelegate : Bootstrapping Spring Data JPA repositories in DEFAULT mode.
2024-11-28T14:52:40.732+02:00  INFO 4792 --- [           main] .s.d.r.c.RepositoryConfigurationDelegate : Finished Spring Data repository scanning in 7 ms. Found 6 JPA repository interfaces.
2024-11-28T14:52:40.762+02:00  INFO 4792 --- [           main] o.hibernate.jpa.internal.util.LogHelper  : HHH000204: Processing PersistenceUnitInfo [name: default]
2024-11-28T14:52:40.764+02:00  INFO 4792 --- [           main] o.h.c.internal.RegionFactoryInitiator    : HHH000026: Second-level cache disabled
2024-11-28T14:52:40.766+02:00  INFO 4792 --- [           main] o.s.o.j.p.SpringPersistenceUnitInfo      : No LoadTimeWeaver setup: ignoring JPA class transformer
2024-11-28T14:52:40.767+02:00  INFO 4792 --- [           main] com.zaxxer.hikari.HikariDataSource       : HikariPool-13 - Starting...
2024-11-28T14:52:40.791+02:00  INFO 4792 --- [           main] com.zaxxer.hikari.pool.HikariPool        : HikariPool-13 - Added connection org.postgresql.jdbc.PgConnection@325ca461
2024-11-28T14:52:40.791+02:00  INFO 4792 --- [           main] com.zaxxer.hikari.HikariDataSource       : HikariPool-13 - Start completed.
2024-11-28T14:52:40.845+02:00  INFO 4792 --- [           main] o.h.e.t.j.p.i.JtaPlatformInitiator       : HHH000490: Using JTA platform [org.hibernate.engine.transaction.jta.platform.internal.AtomikosJtaPlatform]
Hibernate: alter table if exists book_authors drop constraint if exists FK551i3sllw1wj7ex6nir16blsm
Hibernate: alter table if exists book_authors drop constraint if exists FKs4xm7q8i3uxvaiswj1c35nnxw
Hibernate: alter table if exists book_categories drop constraint if exists FKpm3c24k4vdceji5h47d5u9w2i
Hibernate: alter table if exists book_categories drop constraint if exists FKrq5mftm1ejl023epqbn42lpa3
Hibernate: alter table if exists book_offer drop constraint if exists FKepykb45t97hbcxpbee4s2hb2r
Hibernate: alter table if exists book_offer drop constraint if exists FKdr0ismuose2n030tfeiaq0mda
Hibernate: alter table if exists book_offer_requests drop constraint if exists FKqsawiycp7xjpk7rcvjmfy1kpk
Hibernate: alter table if exists book_offer_requests drop constraint if exists FKjbloa7h2g3bquw2bh3qg2kn1j
Hibernate: alter table if exists book_request drop constraint if exists FK6vrnsl74dq4aa1n9ail8c40s0
Hibernate: alter table if exists book_request drop constraint if exists FKm39gpcesvu1l60saexgsoptjt
Hibernate: alter table if exists user_profile_book_offers drop constraint if exists FKgb61wsmksnqfm248kppoven7b
Hibernate: alter table if exists user_profile_book_offers drop constraint if exists FK6yv2bwf2oh1ci2iefycyun9me
Hibernate: alter table if exists user_profile_favorite_categories drop constraint if exists FK3p4sugirsd434ls2uyr8lm1gp
Hibernate: alter table if exists user_profile_favorite_categories drop constraint if exists FKps6nqcwnrx9d25kryfte9pufe
Hibernate: alter table if exists user_profile_outgoing_book_requests drop constraint if exists FKdf7tl4sqhkawgpyekhahjtegv
Hibernate: alter table if exists user_profile_outgoing_book_requests drop constraint if exists FK8otyxt09ok14v8pqtbtlcne8a
Hibernate: alter table if exists user_profile_notifications drop constraint if exists FKspgfauj74q0mgypxdtyg2k1v5
Hibernate: drop table if exists author cascade
Hibernate: drop table if exists book cascade
Hibernate: drop table if exists book_authors cascade
Hibernate: drop table if exists book_categories cascade
Hibernate: drop table if exists book_category cascade
Hibernate: drop table if exists book_offer cascade
Hibernate: drop table if exists book_offer_requests cascade
Hibernate: drop table if exists book_request cascade
Hibernate: drop table if exists user_profile cascade
Hibernate: drop table if exists user_profile_book_offers cascade
Hibernate: drop table if exists user_profile_favorite_categories cascade
Hibernate: drop table if exists user_profile_outgoing_book_requests cascade
Hibernate: drop table if exists user_profile_notifications cascade
Hibernate: drop sequence if exists author_seq
Hibernate: drop sequence if exists book_category_seq
Hibernate: drop sequence if exists book_offer_seq
Hibernate: drop sequence if exists book_request_seq
Hibernate: drop sequence if exists book_seq
Hibernate: drop sequence if exists user_profile_seq
Hibernate: create sequence author_seq start with 1 increment by 50
Hibernate: create sequence book_category_seq start with 1 increment by 50
Hibernate: create sequence book_offer_seq start with 1 increment by 50
Hibernate: create sequence book_request_seq start with 1 increment by 50
Hibernate: create sequence book_seq start with 1 increment by 50
Hibernate: create sequence user_profile_seq start with 1 increment by 50
Hibernate: create table author (id integer not null, name varchar(255), primary key (id))
Hibernate: create table book (id integer not null, summary varchar(255), title varchar(255), primary key (id))
Hibernate: create table book_authors (authors_id integer not null, book_id integer not null)
Hibernate: create table book_categories (book_id integer not null, categories_id bigint not null)
Hibernate: create table book_category (id bigint not null, name varchar(255) unique, primary key (id))
Hibernate: create table book_offer (offered_book_id integer unique, id bigint not null, offeror_id bigint, post_date timestamp(6), offer_description varchar(255), primary key (id))
Hibernate: create table book_offer_requests (book_offer_id bigint not null, requests_id bigint not null unique)
Hibernate: create table book_request (book_offer_id bigint, id bigint not null, requestee_id bigint, primary key (id), unique (requestee_id, book_offer_id))
Hibernate: create table user_profile (date_of_birth date, id bigint not null, bio varchar(255), email varchar(255) unique, first_name varchar(255), last_name varchar(255), password varchar(255), primary key (id))
Hibernate: create table user_profile_book_offers (book_offers_id bigint not null unique, user_profile_id bigint not null)
Hibernate: create table user_profile_favorite_categories (favorite_categories_id bigint not null, user_profile_id bigint not null)
Hibernate: create table user_profile_outgoing_book_requests (outgoing_book_requests_id bigint not null unique, user_profile_id bigint not null)
Hibernate: create table user_profile_notifications (user_profile_id bigint not null, notifications varchar(255))
Hibernate: alter table if exists book_authors add constraint FK551i3sllw1wj7ex6nir16blsm foreign key (authors_id) references author
Hibernate: alter table if exists book_authors add constraint FKs4xm7q8i3uxvaiswj1c35nnxw foreign key (book_id) references book
Hibernate: alter table if exists book_categories add constraint FKpm3c24k4vdceji5h47d5u9w2i foreign key (categories_id) references book_category
Hibernate: alter table if exists book_categories add constraint FKrq5mftm1ejl023epqbn42lpa3 foreign key (book_id) references book
Hibernate: alter table if exists book_offer add constraint FKepykb45t97hbcxpbee4s2hb2r foreign key (offered_book_id) references book
Hibernate: alter table if exists book_offer add constraint FKdr0ismuose2n030tfeiaq0mda foreign key (offeror_id) references user_profile
Hibernate: alter table if exists book_offer_requests add constraint FKqsawiycp7xjpk7rcvjmfy1kpk foreign key (requests_id) references book_request
Hibernate: alter table if exists book_offer_requests add constraint FKjbloa7h2g3bquw2bh3qg2kn1j foreign key (book_offer_id) references book_offer
Hibernate: alter table if exists book_request add constraint FK6vrnsl74dq4aa1n9ail8c40s0 foreign key (book_offer_id) references book_offer
Hibernate: alter table if exists book_request add constraint FKm39gpcesvu1l60saexgsoptjt foreign key (requestee_id) references user_profile
Hibernate: alter table if exists user_profile_book_offers add constraint FKgb61wsmksnqfm248kppoven7b foreign key (book_offers_id) references book_offer
Hibernate: alter table if exists user_profile_book_offers add constraint FK6yv2bwf2oh1ci2iefycyun9me foreign key (user_profile_id) references user_profile
Hibernate: alter table if exists user_profile_favorite_categories add constraint FK3p4sugirsd434ls2uyr8lm1gp foreign key (favorite_categories_id) references book_category
Hibernate: alter table if exists user_profile_favorite_categories add constraint FKps6nqcwnrx9d25kryfte9pufe foreign key (user_profile_id) references user_profile
Hibernate: alter table if exists user_profile_outgoing_book_requests add constraint FKdf7tl4sqhkawgpyekhahjtegv foreign key (outgoing_book_requests_id) references book_request
Hibernate: alter table if exists user_profile_outgoing_book_requests add constraint FK8otyxt09ok14v8pqtbtlcne8a foreign key (user_profile_id) references user_profile
Hibernate: alter table if exists user_profile_notifications add constraint FKspgfauj74q0mgypxdtyg2k1v5 foreign key (user_profile_id) references user_profile
2024-11-28T14:52:40.913+02:00  INFO 4792 --- [           main] j.LocalContainerEntityManagerFactoryBean : Initialized JPA EntityManagerFactory for persistence unit 'default'
2024-11-28T14:52:40.954+02:00  WARN 4792 --- [           main] JpaBaseConfiguration$JpaWebConfiguration : spring.jpa.open-in-view is enabled by default. Therefore, database queries may be performed during view rendering. Explicitly configure spring.jpa.open-in-view to disable this warning
2024-11-28T14:52:40.979+02:00  INFO 4792 --- [           main] o.s.s.web.DefaultSecurityFilterChain     : Will secure any request with [org.springframework.security.web.session.DisableEncodeUrlFilter@d4f9a45, org.springframework.security.web.context.request.async.WebAsyncManagerIntegrationFilter@39e27166, org.springframework.security.web.context.SecurityContextHolderFilter@3c85128a, org.springframework.security.web.header.HeaderWriterFilter@4d3f8662, org.springframework.web.filter.CorsFilter@2ab76ada, org.springframework.security.web.csrf.CsrfFilter@b7694aa, org.springframework.security.web.authentication.logout.LogoutFilter@6a737ee1, org.springframework.security.web.authentication.UsernamePasswordAuthenticationFilter@7cba7745, org.springframework.security.web.savedrequest.RequestCacheAwareFilter@3e91274, org.springframework.security.web.servletapi.SecurityContextHolderAwareRequestFilter@4f4ba1ea, org.springframework.security.web.authentication.AnonymousAuthenticationFilter@5982096, org.springframework.security.web.access.ExceptionTranslationFilter@75072d3e, org.springframework.security.web.access.intercept.AuthorizationFilter@33940a5a]
2024-11-28T14:52:41.006+02:00  INFO 4792 --- [           main] o.b.service.BookOfferServiceTest         : Started BookOfferServiceTest in 0.346 seconds (process running for 12.801)
Hibernate: select up1_0.id,up1_0.bio,up1_0.date_of_birth,up1_0.email,up1_0.first_name,up1_0.last_name,up1_0.password from user_profile up1_0 where up1_0.id is null
Hibernate: select nextval('user_profile_seq')
Hibernate: insert into user_profile (bio,date_of_birth,email,first_name,last_name,password,id) values (?,?,?,?,?,?,?)
Hibernate: select up1_0.id,up1_0.bio,up1_0.date_of_birth,up1_0.email,up1_0.first_name,up1_0.last_name,up1_0.password from user_profile up1_0 where up1_0.id is null
Hibernate: select nextval('user_profile_seq')
Hibernate: select a1_0.id,a1_0.name from author a1_0 where a1_0.name=?
Hibernate: select nextval('author_seq')
Hibernate: select bc1_0.id,bc1_0.name from book_category bc1_0 where bc1_0.name=?
Hibernate: select nextval('book_category_seq')
Hibernate: select nextval('book_seq')
Hibernate: select nextval('book_offer_seq')
Hibernate: insert into user_profile (bio,date_of_birth,email,first_name,last_name,password,id) values (?,?,?,?,?,?,?)
Hibernate: insert into author (name,id) values (?,?)
Hibernate: insert into book_category (name,id) values (?,?)
Hibernate: insert into book (summary,title,id) values (?,?,?)
Hibernate: insert into book_offer (offer_description,offered_book_id,offeror_id,post_date,id) values (?,?,?,?,?)
Hibernate: insert into user_profile_book_offers (user_profile_id,book_offers_id) values (?,?)
Hibernate: insert into book_authors (book_id,authors_id) values (?,?)
Hibernate: insert into book_categories (book_id,categories_id) values (?,?)
Hibernate: select bo1_0.id,bo1_0.offer_description,bo1_0.offered_book_id,bo1_0.offeror_id,bo1_0.post_date from book_offer bo1_0 where bo1_0.id=?
Hibernate: select up1_0.id,up1_0.bio,up1_0.date_of_birth,up1_0.email,up1_0.first_name,up1_0.last_name,up1_0.password from user_profile up1_0 where up1_0.id=?
Hibernate: select nextval('book_request_seq')
2024-11-28T14:52:41.151+02:00  INFO 4792 --- [           main] o.bookEater.entity.user.UserProfile      : Request removed fromaFirstName aLastName
2024-11-28T14:52:41.152+02:00 ERROR 4792 --- [           main] o.bookEater.entity.user.UserProfile      : Request not found in aFirstName aLastName
Hibernate: insert into book_request (book_offer_id,requestee_id,id) values (?,?,?)
Hibernate: delete from user_profile_book_offers where user_profile_id=?
Hibernate: delete from book_request where id=?
Hibernate: delete from book_offer where id=?
Hibernate: select bo1_0.id,bo1_0.offer_description,bo1_0.offered_book_id,bo1_0.offeror_id,bo1_0.post_date from book_offer bo1_0
Hibernate: select br1_0.id,br1_0.book_offer_id,br1_0.requestee_id from book_request br1_0
]]></system-out>
  </testcase>
  <testcase name="searchByTitleApproximately" classname="objectArmy.bookEater.service.BookOfferServiceTest" time="0.512">
    <system-out><![CDATA[2024-11-28T14:52:41.168+02:00  INFO 4792 --- [           main] j.LocalContainerEntityManagerFactoryBean : Closing JPA EntityManagerFactory for persistence unit 'default'
2024-11-28T14:52:41.168+02:00  INFO 4792 --- [           main] com.zaxxer.hikari.HikariDataSource       : HikariPool-13 - Shutdown initiated...
2024-11-28T14:52:41.184+02:00  INFO 4792 --- [           main] com.zaxxer.hikari.HikariDataSource       : HikariPool-13 - Shutdown completed.

  .   ____          _            __ _ _
 /\\ / ___'_ __ _ _(_)_ __  __ _ \ \ \ \
( ( )\___ | '_ | '_| | '_ \/ _` | \ \ \ \
 \\/  ___)| |_)| | | | | || (_| |  ) ) ) )
  '  |____| .__|_| |_|_| |_\__, | / / / /
 =========|_|==============|___/=/_/_/_/
 :: Spring Boot ::                (v3.2.4)

2024-11-28T14:52:41.194+02:00  INFO 4792 --- [           main] o.b.service.BookOfferServiceTest         : Starting BookOfferServiceTest using Java 17.0.11 with PID 4792 (started by Dell in C:\Users\Dell\IdeaProjects\Book-Eater\bookEater)
2024-11-28T14:52:41.195+02:00  INFO 4792 --- [           main] o.b.service.BookOfferServiceTest         : The following 1 profile is active: "test"
2024-11-28T14:52:41.252+02:00  INFO 4792 --- [           main] .s.d.r.c.RepositoryConfigurationDelegate : Bootstrapping Spring Data JPA repositories in DEFAULT mode.
2024-11-28T14:52:41.259+02:00  INFO 4792 --- [           main] .s.d.r.c.RepositoryConfigurationDelegate : Finished Spring Data repository scanning in 6 ms. Found 6 JPA repository interfaces.
2024-11-28T14:52:41.289+02:00  INFO 4792 --- [           main] o.hibernate.jpa.internal.util.LogHelper  : HHH000204: Processing PersistenceUnitInfo [name: default]
2024-11-28T14:52:41.290+02:00  INFO 4792 --- [           main] o.h.c.internal.RegionFactoryInitiator    : HHH000026: Second-level cache disabled
2024-11-28T14:52:41.293+02:00  INFO 4792 --- [           main] o.s.o.j.p.SpringPersistenceUnitInfo      : No LoadTimeWeaver setup: ignoring JPA class transformer
2024-11-28T14:52:41.294+02:00  INFO 4792 --- [           main] com.zaxxer.hikari.HikariDataSource       : HikariPool-14 - Starting...
2024-11-28T14:52:41.317+02:00  INFO 4792 --- [           main] com.zaxxer.hikari.pool.HikariPool        : HikariPool-14 - Added connection org.postgresql.jdbc.PgConnection@7914c8ac
2024-11-28T14:52:41.317+02:00  INFO 4792 --- [           main] com.zaxxer.hikari.HikariDataSource       : HikariPool-14 - Start completed.
2024-11-28T14:52:41.366+02:00  INFO 4792 --- [           main] o.h.e.t.j.p.i.JtaPlatformInitiator       : HHH000490: Using JTA platform [org.hibernate.engine.transaction.jta.platform.internal.AtomikosJtaPlatform]
Hibernate: alter table if exists book_authors drop constraint if exists FK551i3sllw1wj7ex6nir16blsm
Hibernate: alter table if exists book_authors drop constraint if exists FKs4xm7q8i3uxvaiswj1c35nnxw
Hibernate: alter table if exists book_categories drop constraint if exists FKpm3c24k4vdceji5h47d5u9w2i
Hibernate: alter table if exists book_categories drop constraint if exists FKrq5mftm1ejl023epqbn42lpa3
Hibernate: alter table if exists book_offer drop constraint if exists FKepykb45t97hbcxpbee4s2hb2r
Hibernate: alter table if exists book_offer drop constraint if exists FKdr0ismuose2n030tfeiaq0mda
Hibernate: alter table if exists book_offer_requests drop constraint if exists FKqsawiycp7xjpk7rcvjmfy1kpk
Hibernate: alter table if exists book_offer_requests drop constraint if exists FKjbloa7h2g3bquw2bh3qg2kn1j
Hibernate: alter table if exists book_request drop constraint if exists FK6vrnsl74dq4aa1n9ail8c40s0
Hibernate: alter table if exists book_request drop constraint if exists FKm39gpcesvu1l60saexgsoptjt
Hibernate: alter table if exists user_profile_book_offers drop constraint if exists FKgb61wsmksnqfm248kppoven7b
Hibernate: alter table if exists user_profile_book_offers drop constraint if exists FK6yv2bwf2oh1ci2iefycyun9me
Hibernate: alter table if exists user_profile_favorite_categories drop constraint if exists FK3p4sugirsd434ls2uyr8lm1gp
Hibernate: alter table if exists user_profile_favorite_categories drop constraint if exists FKps6nqcwnrx9d25kryfte9pufe
Hibernate: alter table if exists user_profile_outgoing_book_requests drop constraint if exists FKdf7tl4sqhkawgpyekhahjtegv
Hibernate: alter table if exists user_profile_outgoing_book_requests drop constraint if exists FK8otyxt09ok14v8pqtbtlcne8a
Hibernate: alter table if exists user_profile_notifications drop constraint if exists FKspgfauj74q0mgypxdtyg2k1v5
Hibernate: drop table if exists author cascade
Hibernate: drop table if exists book cascade
Hibernate: drop table if exists book_authors cascade
Hibernate: drop table if exists book_categories cascade
Hibernate: drop table if exists book_category cascade
Hibernate: drop table if exists book_offer cascade
Hibernate: drop table if exists book_offer_requests cascade
Hibernate: drop table if exists book_request cascade
Hibernate: drop table if exists user_profile cascade
Hibernate: drop table if exists user_profile_book_offers cascade
Hibernate: drop table if exists user_profile_favorite_categories cascade
Hibernate: drop table if exists user_profile_outgoing_book_requests cascade
Hibernate: drop table if exists user_profile_notifications cascade
Hibernate: drop sequence if exists author_seq
Hibernate: drop sequence if exists book_category_seq
Hibernate: drop sequence if exists book_offer_seq
Hibernate: drop sequence if exists book_request_seq
Hibernate: drop sequence if exists book_seq
Hibernate: drop sequence if exists user_profile_seq
Hibernate: create sequence author_seq start with 1 increment by 50
Hibernate: create sequence book_category_seq start with 1 increment by 50
Hibernate: create sequence book_offer_seq start with 1 increment by 50
Hibernate: create sequence book_request_seq start with 1 increment by 50
Hibernate: create sequence book_seq start with 1 increment by 50
Hibernate: create sequence user_profile_seq start with 1 increment by 50
Hibernate: create table author (id integer not null, name varchar(255), primary key (id))
Hibernate: create table book (id integer not null, summary varchar(255), title varchar(255), primary key (id))
Hibernate: create table book_authors (authors_id integer not null, book_id integer not null)
Hibernate: create table book_categories (book_id integer not null, categories_id bigint not null)
Hibernate: create table book_category (id bigint not null, name varchar(255) unique, primary key (id))
Hibernate: create table book_offer (offered_book_id integer unique, id bigint not null, offeror_id bigint, post_date timestamp(6), offer_description varchar(255), primary key (id))
Hibernate: create table book_offer_requests (book_offer_id bigint not null, requests_id bigint not null unique)
Hibernate: create table book_request (book_offer_id bigint, id bigint not null, requestee_id bigint, primary key (id), unique (requestee_id, book_offer_id))
Hibernate: create table user_profile (date_of_birth date, id bigint not null, bio varchar(255), email varchar(255) unique, first_name varchar(255), last_name varchar(255), password varchar(255), primary key (id))
Hibernate: create table user_profile_book_offers (book_offers_id bigint not null unique, user_profile_id bigint not null)
Hibernate: create table user_profile_favorite_categories (favorite_categories_id bigint not null, user_profile_id bigint not null)
Hibernate: create table user_profile_outgoing_book_requests (outgoing_book_requests_id bigint not null unique, user_profile_id bigint not null)
Hibernate: create table user_profile_notifications (user_profile_id bigint not null, notifications varchar(255))
Hibernate: alter table if exists book_authors add constraint FK551i3sllw1wj7ex6nir16blsm foreign key (authors_id) references author
Hibernate: alter table if exists book_authors add constraint FKs4xm7q8i3uxvaiswj1c35nnxw foreign key (book_id) references book
Hibernate: alter table if exists book_categories add constraint FKpm3c24k4vdceji5h47d5u9w2i foreign key (categories_id) references book_category
Hibernate: alter table if exists book_categories add constraint FKrq5mftm1ejl023epqbn42lpa3 foreign key (book_id) references book
Hibernate: alter table if exists book_offer add constraint FKepykb45t97hbcxpbee4s2hb2r foreign key (offered_book_id) references book
Hibernate: alter table if exists book_offer add constraint FKdr0ismuose2n030tfeiaq0mda foreign key (offeror_id) references user_profile
Hibernate: alter table if exists book_offer_requests add constraint FKqsawiycp7xjpk7rcvjmfy1kpk foreign key (requests_id) references book_request
Hibernate: alter table if exists book_offer_requests add constraint FKjbloa7h2g3bquw2bh3qg2kn1j foreign key (book_offer_id) references book_offer
Hibernate: alter table if exists book_request add constraint FK6vrnsl74dq4aa1n9ail8c40s0 foreign key (book_offer_id) references book_offer
Hibernate: alter table if exists book_request add constraint FKm39gpcesvu1l60saexgsoptjt foreign key (requestee_id) references user_profile
Hibernate: alter table if exists user_profile_book_offers add constraint FKgb61wsmksnqfm248kppoven7b foreign key (book_offers_id) references book_offer
Hibernate: alter table if exists user_profile_book_offers add constraint FK6yv2bwf2oh1ci2iefycyun9me foreign key (user_profile_id) references user_profile
Hibernate: alter table if exists user_profile_favorite_categories add constraint FK3p4sugirsd434ls2uyr8lm1gp foreign key (favorite_categories_id) references book_category
Hibernate: alter table if exists user_profile_favorite_categories add constraint FKps6nqcwnrx9d25kryfte9pufe foreign key (user_profile_id) references user_profile
Hibernate: alter table if exists user_profile_outgoing_book_requests add constraint FKdf7tl4sqhkawgpyekhahjtegv foreign key (outgoing_book_requests_id) references book_request
Hibernate: alter table if exists user_profile_outgoing_book_requests add constraint FK8otyxt09ok14v8pqtbtlcne8a foreign key (user_profile_id) references user_profile
Hibernate: alter table if exists user_profile_notifications add constraint FKspgfauj74q0mgypxdtyg2k1v5 foreign key (user_profile_id) references user_profile
2024-11-28T14:52:41.435+02:00  INFO 4792 --- [           main] j.LocalContainerEntityManagerFactoryBean : Initialized JPA EntityManagerFactory for persistence unit 'default'
2024-11-28T14:52:41.483+02:00  WARN 4792 --- [           main] JpaBaseConfiguration$JpaWebConfiguration : spring.jpa.open-in-view is enabled by default. Therefore, database queries may be performed during view rendering. Explicitly configure spring.jpa.open-in-view to disable this warning
2024-11-28T14:52:41.507+02:00  INFO 4792 --- [           main] o.s.s.web.DefaultSecurityFilterChain     : Will secure any request with [org.springframework.security.web.session.DisableEncodeUrlFilter@63b440bd, org.springframework.security.web.context.request.async.WebAsyncManagerIntegrationFilter@51b98f26, org.springframework.security.web.context.SecurityContextHolderFilter@5c3ca6cf, org.springframework.security.web.header.HeaderWriterFilter@3a313dfe, org.springframework.web.filter.CorsFilter@259089ab, org.springframework.security.web.csrf.CsrfFilter@6dfb7c1a, org.springframework.security.web.authentication.logout.LogoutFilter@2f3b4de2, org.springframework.security.web.authentication.UsernamePasswordAuthenticationFilter@16955bd0, org.springframework.security.web.savedrequest.RequestCacheAwareFilter@6a110afe, org.springframework.security.web.servletapi.SecurityContextHolderAwareRequestFilter@25e58cbd, org.springframework.security.web.authentication.AnonymousAuthenticationFilter@19e71d12, org.springframework.security.web.access.ExceptionTranslationFilter@1efa2821, org.springframework.security.web.access.intercept.AuthorizationFilter@4416197b]
2024-11-28T14:52:41.531+02:00  INFO 4792 --- [           main] o.b.service.BookOfferServiceTest         : Started BookOfferServiceTest in 0.346 seconds (process running for 13.327)
Hibernate: select up1_0.id,up1_0.bio,up1_0.date_of_birth,up1_0.email,up1_0.first_name,up1_0.last_name,up1_0.password from user_profile up1_0 where up1_0.id is null
Hibernate: select nextval('user_profile_seq')
Hibernate: insert into user_profile (bio,date_of_birth,email,first_name,last_name,password,id) values (?,?,?,?,?,?,?)
Hibernate: select up1_0.id,up1_0.bio,up1_0.date_of_birth,up1_0.email,up1_0.first_name,up1_0.last_name,up1_0.password from user_profile up1_0 where up1_0.id is null
Hibernate: select nextval('user_profile_seq')
Hibernate: select a1_0.id,a1_0.name from author a1_0 where a1_0.name=?
Hibernate: select nextval('author_seq')
Hibernate: select bc1_0.id,bc1_0.name from book_category bc1_0 where bc1_0.name=?
Hibernate: select nextval('book_category_seq')
Hibernate: select nextval('book_seq')
Hibernate: select nextval('book_offer_seq')
Hibernate: insert into user_profile (bio,date_of_birth,email,first_name,last_name,password,id) values (?,?,?,?,?,?,?)
Hibernate: insert into author (name,id) values (?,?)
Hibernate: insert into book_category (name,id) values (?,?)
Hibernate: insert into book (summary,title,id) values (?,?,?)
Hibernate: insert into book_offer (offer_description,offered_book_id,offeror_id,post_date,id) values (?,?,?,?,?)
Hibernate: insert into user_profile_book_offers (user_profile_id,book_offers_id) values (?,?)
Hibernate: insert into book_authors (book_id,authors_id) values (?,?)
Hibernate: insert into book_categories (book_id,categories_id) values (?,?)
Hibernate: select bo1_0.id,bo1_0.offer_description,bo1_0.offered_book_id,bo1_0.offeror_id,bo1_0.post_date from book_offer bo1_0 left join book ob1_0 on ob1_0.id=bo1_0.offered_book_id where upper(ob1_0.title) like upper(?) escape '\'
]]></system-out>
  </testcase>
  <testcase name="getOffersByCategory" classname="objectArmy.bookEater.service.BookOfferServiceTest" time="0.5">
    <system-out><![CDATA[2024-11-28T14:52:41.680+02:00  INFO 4792 --- [           main] j.LocalContainerEntityManagerFactoryBean : Closing JPA EntityManagerFactory for persistence unit 'default'
2024-11-28T14:52:41.681+02:00  INFO 4792 --- [           main] com.zaxxer.hikari.HikariDataSource       : HikariPool-14 - Shutdown initiated...
2024-11-28T14:52:41.699+02:00  INFO 4792 --- [           main] com.zaxxer.hikari.HikariDataSource       : HikariPool-14 - Shutdown completed.

  .   ____          _            __ _ _
 /\\ / ___'_ __ _ _(_)_ __  __ _ \ \ \ \
( ( )\___ | '_ | '_| | '_ \/ _` | \ \ \ \
 \\/  ___)| |_)| | | | | || (_| |  ) ) ) )
  '  |____| .__|_| |_|_| |_\__, | / / / /
 =========|_|==============|___/=/_/_/_/
 :: Spring Boot ::                (v3.2.4)

2024-11-28T14:52:41.708+02:00  INFO 4792 --- [           main] o.b.service.BookOfferServiceTest         : Starting BookOfferServiceTest using Java 17.0.11 with PID 4792 (started by Dell in C:\Users\Dell\IdeaProjects\Book-Eater\bookEater)
2024-11-28T14:52:41.708+02:00  INFO 4792 --- [           main] o.b.service.BookOfferServiceTest         : The following 1 profile is active: "test"
2024-11-28T14:52:41.763+02:00  INFO 4792 --- [           main] .s.d.r.c.RepositoryConfigurationDelegate : Bootstrapping Spring Data JPA repositories in DEFAULT mode.
2024-11-28T14:52:41.770+02:00  INFO 4792 --- [           main] .s.d.r.c.RepositoryConfigurationDelegate : Finished Spring Data repository scanning in 6 ms. Found 6 JPA repository interfaces.
2024-11-28T14:52:41.795+02:00  INFO 4792 --- [           main] o.hibernate.jpa.internal.util.LogHelper  : HHH000204: Processing PersistenceUnitInfo [name: default]
2024-11-28T14:52:41.796+02:00  INFO 4792 --- [           main] o.h.c.internal.RegionFactoryInitiator    : HHH000026: Second-level cache disabled
2024-11-28T14:52:41.799+02:00  INFO 4792 --- [           main] o.s.o.j.p.SpringPersistenceUnitInfo      : No LoadTimeWeaver setup: ignoring JPA class transformer
2024-11-28T14:52:41.799+02:00  INFO 4792 --- [           main] com.zaxxer.hikari.HikariDataSource       : HikariPool-15 - Starting...
2024-11-28T14:52:41.825+02:00  INFO 4792 --- [           main] com.zaxxer.hikari.pool.HikariPool        : HikariPool-15 - Added connection org.postgresql.jdbc.PgConnection@2c94326f
2024-11-28T14:52:41.825+02:00  INFO 4792 --- [           main] com.zaxxer.hikari.HikariDataSource       : HikariPool-15 - Start completed.
2024-11-28T14:52:41.869+02:00  INFO 4792 --- [           main] o.h.e.t.j.p.i.JtaPlatformInitiator       : HHH000490: Using JTA platform [org.hibernate.engine.transaction.jta.platform.internal.AtomikosJtaPlatform]
Hibernate: alter table if exists book_authors drop constraint if exists FK551i3sllw1wj7ex6nir16blsm
Hibernate: alter table if exists book_authors drop constraint if exists FKs4xm7q8i3uxvaiswj1c35nnxw
Hibernate: alter table if exists book_categories drop constraint if exists FKpm3c24k4vdceji5h47d5u9w2i
Hibernate: alter table if exists book_categories drop constraint if exists FKrq5mftm1ejl023epqbn42lpa3
Hibernate: alter table if exists book_offer drop constraint if exists FKepykb45t97hbcxpbee4s2hb2r
Hibernate: alter table if exists book_offer drop constraint if exists FKdr0ismuose2n030tfeiaq0mda
Hibernate: alter table if exists book_offer_requests drop constraint if exists FKqsawiycp7xjpk7rcvjmfy1kpk
Hibernate: alter table if exists book_offer_requests drop constraint if exists FKjbloa7h2g3bquw2bh3qg2kn1j
Hibernate: alter table if exists book_request drop constraint if exists FK6vrnsl74dq4aa1n9ail8c40s0
Hibernate: alter table if exists book_request drop constraint if exists FKm39gpcesvu1l60saexgsoptjt
Hibernate: alter table if exists user_profile_book_offers drop constraint if exists FKgb61wsmksnqfm248kppoven7b
Hibernate: alter table if exists user_profile_book_offers drop constraint if exists FK6yv2bwf2oh1ci2iefycyun9me
Hibernate: alter table if exists user_profile_favorite_categories drop constraint if exists FK3p4sugirsd434ls2uyr8lm1gp
Hibernate: alter table if exists user_profile_favorite_categories drop constraint if exists FKps6nqcwnrx9d25kryfte9pufe
Hibernate: alter table if exists user_profile_outgoing_book_requests drop constraint if exists FKdf7tl4sqhkawgpyekhahjtegv
Hibernate: alter table if exists user_profile_outgoing_book_requests drop constraint if exists FK8otyxt09ok14v8pqtbtlcne8a
Hibernate: alter table if exists user_profile_notifications drop constraint if exists FKspgfauj74q0mgypxdtyg2k1v5
Hibernate: drop table if exists author cascade
Hibernate: drop table if exists book cascade
Hibernate: drop table if exists book_authors cascade
Hibernate: drop table if exists book_categories cascade
Hibernate: drop table if exists book_category cascade
Hibernate: drop table if exists book_offer cascade
Hibernate: drop table if exists book_offer_requests cascade
Hibernate: drop table if exists book_request cascade
Hibernate: drop table if exists user_profile cascade
Hibernate: drop table if exists user_profile_book_offers cascade
Hibernate: drop table if exists user_profile_favorite_categories cascade
Hibernate: drop table if exists user_profile_outgoing_book_requests cascade
Hibernate: drop table if exists user_profile_notifications cascade
Hibernate: drop sequence if exists author_seq
Hibernate: drop sequence if exists book_category_seq
Hibernate: drop sequence if exists book_offer_seq
Hibernate: drop sequence if exists book_request_seq
Hibernate: drop sequence if exists book_seq
Hibernate: drop sequence if exists user_profile_seq
Hibernate: create sequence author_seq start with 1 increment by 50
Hibernate: create sequence book_category_seq start with 1 increment by 50
Hibernate: create sequence book_offer_seq start with 1 increment by 50
Hibernate: create sequence book_request_seq start with 1 increment by 50
Hibernate: create sequence book_seq start with 1 increment by 50
Hibernate: create sequence user_profile_seq start with 1 increment by 50
Hibernate: create table author (id integer not null, name varchar(255), primary key (id))
Hibernate: create table book (id integer not null, summary varchar(255), title varchar(255), primary key (id))
Hibernate: create table book_authors (authors_id integer not null, book_id integer not null)
Hibernate: create table book_categories (book_id integer not null, categories_id bigint not null)
Hibernate: create table book_category (id bigint not null, name varchar(255) unique, primary key (id))
Hibernate: create table book_offer (offered_book_id integer unique, id bigint not null, offeror_id bigint, post_date timestamp(6), offer_description varchar(255), primary key (id))
Hibernate: create table book_offer_requests (book_offer_id bigint not null, requests_id bigint not null unique)
Hibernate: create table book_request (book_offer_id bigint, id bigint not null, requestee_id bigint, primary key (id), unique (requestee_id, book_offer_id))
Hibernate: create table user_profile (date_of_birth date, id bigint not null, bio varchar(255), email varchar(255) unique, first_name varchar(255), last_name varchar(255), password varchar(255), primary key (id))
Hibernate: create table user_profile_book_offers (book_offers_id bigint not null unique, user_profile_id bigint not null)
Hibernate: create table user_profile_favorite_categories (favorite_categories_id bigint not null, user_profile_id bigint not null)
Hibernate: create table user_profile_outgoing_book_requests (outgoing_book_requests_id bigint not null unique, user_profile_id bigint not null)
Hibernate: create table user_profile_notifications (user_profile_id bigint not null, notifications varchar(255))
Hibernate: alter table if exists book_authors add constraint FK551i3sllw1wj7ex6nir16blsm foreign key (authors_id) references author
Hibernate: alter table if exists book_authors add constraint FKs4xm7q8i3uxvaiswj1c35nnxw foreign key (book_id) references book
Hibernate: alter table if exists book_categories add constraint FKpm3c24k4vdceji5h47d5u9w2i foreign key (categories_id) references book_category
Hibernate: alter table if exists book_categories add constraint FKrq5mftm1ejl023epqbn42lpa3 foreign key (book_id) references book
Hibernate: alter table if exists book_offer add constraint FKepykb45t97hbcxpbee4s2hb2r foreign key (offered_book_id) references book
Hibernate: alter table if exists book_offer add constraint FKdr0ismuose2n030tfeiaq0mda foreign key (offeror_id) references user_profile
Hibernate: alter table if exists book_offer_requests add constraint FKqsawiycp7xjpk7rcvjmfy1kpk foreign key (requests_id) references book_request
Hibernate: alter table if exists book_offer_requests add constraint FKjbloa7h2g3bquw2bh3qg2kn1j foreign key (book_offer_id) references book_offer
Hibernate: alter table if exists book_request add constraint FK6vrnsl74dq4aa1n9ail8c40s0 foreign key (book_offer_id) references book_offer
Hibernate: alter table if exists book_request add constraint FKm39gpcesvu1l60saexgsoptjt foreign key (requestee_id) references user_profile
Hibernate: alter table if exists user_profile_book_offers add constraint FKgb61wsmksnqfm248kppoven7b foreign key (book_offers_id) references book_offer
Hibernate: alter table if exists user_profile_book_offers add constraint FK6yv2bwf2oh1ci2iefycyun9me foreign key (user_profile_id) references user_profile
Hibernate: alter table if exists user_profile_favorite_categories add constraint FK3p4sugirsd434ls2uyr8lm1gp foreign key (favorite_categories_id) references book_category
Hibernate: alter table if exists user_profile_favorite_categories add constraint FKps6nqcwnrx9d25kryfte9pufe foreign key (user_profile_id) references user_profile
Hibernate: alter table if exists user_profile_outgoing_book_requests add constraint FKdf7tl4sqhkawgpyekhahjtegv foreign key (outgoing_book_requests_id) references book_request
Hibernate: alter table if exists user_profile_outgoing_book_requests add constraint FK8otyxt09ok14v8pqtbtlcne8a foreign key (user_profile_id) references user_profile
Hibernate: alter table if exists user_profile_notifications add constraint FKspgfauj74q0mgypxdtyg2k1v5 foreign key (user_profile_id) references user_profile
2024-11-28T14:52:41.934+02:00  INFO 4792 --- [           main] j.LocalContainerEntityManagerFactoryBean : Initialized JPA EntityManagerFactory for persistence unit 'default'
2024-11-28T14:52:41.985+02:00  WARN 4792 --- [           main] JpaBaseConfiguration$JpaWebConfiguration : spring.jpa.open-in-view is enabled by default. Therefore, database queries may be performed during view rendering. Explicitly configure spring.jpa.open-in-view to disable this warning
2024-11-28T14:52:42.008+02:00  INFO 4792 --- [           main] o.s.s.web.DefaultSecurityFilterChain     : Will secure any request with [org.springframework.security.web.session.DisableEncodeUrlFilter@6aa1cc86, org.springframework.security.web.context.request.async.WebAsyncManagerIntegrationFilter@32223f56, org.springframework.security.web.context.SecurityContextHolderFilter@62532f1, org.springframework.security.web.header.HeaderWriterFilter@230d305e, org.springframework.web.filter.CorsFilter@3035314, org.springframework.security.web.csrf.CsrfFilter@43925564, org.springframework.security.web.authentication.logout.LogoutFilter@5536c56d, org.springframework.security.web.authentication.UsernamePasswordAuthenticationFilter@9df7d7d, org.springframework.security.web.savedrequest.RequestCacheAwareFilter@57cd6e24, org.springframework.security.web.servletapi.SecurityContextHolderAwareRequestFilter@306e9bf0, org.springframework.security.web.authentication.AnonymousAuthenticationFilter@71c5f29c, org.springframework.security.web.access.ExceptionTranslationFilter@27180b96, org.springframework.security.web.access.intercept.AuthorizationFilter@2dc39a7c]
2024-11-28T14:52:42.035+02:00  INFO 4792 --- [           main] o.b.service.BookOfferServiceTest         : Started BookOfferServiceTest in 0.336 seconds (process running for 13.83)
Hibernate: select up1_0.id,up1_0.bio,up1_0.date_of_birth,up1_0.email,up1_0.first_name,up1_0.last_name,up1_0.password from user_profile up1_0 where up1_0.id is null
Hibernate: select nextval('user_profile_seq')
Hibernate: insert into user_profile (bio,date_of_birth,email,first_name,last_name,password,id) values (?,?,?,?,?,?,?)
Hibernate: select up1_0.id,up1_0.bio,up1_0.date_of_birth,up1_0.email,up1_0.first_name,up1_0.last_name,up1_0.password from user_profile up1_0 where up1_0.id is null
Hibernate: select nextval('user_profile_seq')
Hibernate: select a1_0.id,a1_0.name from author a1_0 where a1_0.name=?
Hibernate: select nextval('author_seq')
Hibernate: select bc1_0.id,bc1_0.name from book_category bc1_0 where bc1_0.name=?
Hibernate: select nextval('book_category_seq')
Hibernate: select nextval('book_seq')
Hibernate: select nextval('book_offer_seq')
Hibernate: insert into user_profile (bio,date_of_birth,email,first_name,last_name,password,id) values (?,?,?,?,?,?,?)
Hibernate: insert into author (name,id) values (?,?)
Hibernate: insert into book_category (name,id) values (?,?)
Hibernate: insert into book (summary,title,id) values (?,?,?)
Hibernate: insert into book_offer (offer_description,offered_book_id,offeror_id,post_date,id) values (?,?,?,?,?)
Hibernate: insert into user_profile_book_offers (user_profile_id,book_offers_id) values (?,?)
Hibernate: insert into book_authors (book_id,authors_id) values (?,?)
Hibernate: insert into book_categories (book_id,categories_id) values (?,?)
Hibernate: select bc1_0.id,bc1_0.name from book_category bc1_0
Hibernate: select bo1_0.id,bo1_0.offer_description,bo1_0.offered_book_id,bo1_0.offeror_id,bo1_0.post_date from book_offer bo1_0 join book ob1_0 on ob1_0.id=bo1_0.offered_book_id where ? in (select c1_0.categories_id from book_categories c1_0 where ob1_0.id=c1_0.book_id)
]]></system-out>
  </testcase>
  <testcase name="searchByAuthorApproximately" classname="objectArmy.bookEater.service.BookOfferServiceTest" time="0.598">
    <system-out><![CDATA[2024-11-28T14:52:42.181+02:00  INFO 4792 --- [           main] j.LocalContainerEntityManagerFactoryBean : Closing JPA EntityManagerFactory for persistence unit 'default'
2024-11-28T14:52:42.181+02:00  INFO 4792 --- [           main] com.zaxxer.hikari.HikariDataSource       : HikariPool-15 - Shutdown initiated...
2024-11-28T14:52:42.213+02:00  INFO 4792 --- [           main] com.zaxxer.hikari.HikariDataSource       : HikariPool-15 - Shutdown completed.

  .   ____          _            __ _ _
 /\\ / ___'_ __ _ _(_)_ __  __ _ \ \ \ \
( ( )\___ | '_ | '_| | '_ \/ _` | \ \ \ \
 \\/  ___)| |_)| | | | | || (_| |  ) ) ) )
  '  |____| .__|_| |_|_| |_\__, | / / / /
 =========|_|==============|___/=/_/_/_/
 :: Spring Boot ::                (v3.2.4)

2024-11-28T14:52:42.227+02:00  INFO 4792 --- [           main] o.b.service.BookOfferServiceTest         : Starting BookOfferServiceTest using Java 17.0.11 with PID 4792 (started by Dell in C:\Users\Dell\IdeaProjects\Book-Eater\bookEater)
2024-11-28T14:52:42.228+02:00  INFO 4792 --- [           main] o.b.service.BookOfferServiceTest         : The following 1 profile is active: "test"
2024-11-28T14:52:42.284+02:00  INFO 4792 --- [           main] .s.d.r.c.RepositoryConfigurationDelegate : Bootstrapping Spring Data JPA repositories in DEFAULT mode.
2024-11-28T14:52:42.291+02:00  INFO 4792 --- [           main] .s.d.r.c.RepositoryConfigurationDelegate : Finished Spring Data repository scanning in 6 ms. Found 6 JPA repository interfaces.
2024-11-28T14:52:42.323+02:00  INFO 4792 --- [           main] o.hibernate.jpa.internal.util.LogHelper  : HHH000204: Processing PersistenceUnitInfo [name: default]
2024-11-28T14:52:42.324+02:00  INFO 4792 --- [           main] o.h.c.internal.RegionFactoryInitiator    : HHH000026: Second-level cache disabled
2024-11-28T14:52:42.327+02:00  INFO 4792 --- [           main] o.s.o.j.p.SpringPersistenceUnitInfo      : No LoadTimeWeaver setup: ignoring JPA class transformer
2024-11-28T14:52:42.329+02:00  INFO 4792 --- [           main] com.zaxxer.hikari.HikariDataSource       : HikariPool-16 - Starting...
2024-11-28T14:52:42.353+02:00  INFO 4792 --- [           main] com.zaxxer.hikari.pool.HikariPool        : HikariPool-16 - Added connection org.postgresql.jdbc.PgConnection@b5d0e59
2024-11-28T14:52:42.354+02:00  INFO 4792 --- [           main] com.zaxxer.hikari.HikariDataSource       : HikariPool-16 - Start completed.
2024-11-28T14:52:42.407+02:00  INFO 4792 --- [           main] o.h.e.t.j.p.i.JtaPlatformInitiator       : HHH000490: Using JTA platform [org.hibernate.engine.transaction.jta.platform.internal.AtomikosJtaPlatform]
Hibernate: alter table if exists book_authors drop constraint if exists FK551i3sllw1wj7ex6nir16blsm
Hibernate: alter table if exists book_authors drop constraint if exists FKs4xm7q8i3uxvaiswj1c35nnxw
Hibernate: alter table if exists book_categories drop constraint if exists FKpm3c24k4vdceji5h47d5u9w2i
Hibernate: alter table if exists book_categories drop constraint if exists FKrq5mftm1ejl023epqbn42lpa3
Hibernate: alter table if exists book_offer drop constraint if exists FKepykb45t97hbcxpbee4s2hb2r
Hibernate: alter table if exists book_offer drop constraint if exists FKdr0ismuose2n030tfeiaq0mda
Hibernate: alter table if exists book_offer_requests drop constraint if exists FKqsawiycp7xjpk7rcvjmfy1kpk
Hibernate: alter table if exists book_offer_requests drop constraint if exists FKjbloa7h2g3bquw2bh3qg2kn1j
Hibernate: alter table if exists book_request drop constraint if exists FK6vrnsl74dq4aa1n9ail8c40s0
Hibernate: alter table if exists book_request drop constraint if exists FKm39gpcesvu1l60saexgsoptjt
Hibernate: alter table if exists user_profile_book_offers drop constraint if exists FKgb61wsmksnqfm248kppoven7b
Hibernate: alter table if exists user_profile_book_offers drop constraint if exists FK6yv2bwf2oh1ci2iefycyun9me
Hibernate: alter table if exists user_profile_favorite_categories drop constraint if exists FK3p4sugirsd434ls2uyr8lm1gp
Hibernate: alter table if exists user_profile_favorite_categories drop constraint if exists FKps6nqcwnrx9d25kryfte9pufe
Hibernate: alter table if exists user_profile_outgoing_book_requests drop constraint if exists FKdf7tl4sqhkawgpyekhahjtegv
Hibernate: alter table if exists user_profile_outgoing_book_requests drop constraint if exists FK8otyxt09ok14v8pqtbtlcne8a
Hibernate: alter table if exists user_profile_notifications drop constraint if exists FKspgfauj74q0mgypxdtyg2k1v5
Hibernate: drop table if exists author cascade
Hibernate: drop table if exists book cascade
Hibernate: drop table if exists book_authors cascade
Hibernate: drop table if exists book_categories cascade
Hibernate: drop table if exists book_category cascade
Hibernate: drop table if exists book_offer cascade
Hibernate: drop table if exists book_offer_requests cascade
Hibernate: drop table if exists book_request cascade
Hibernate: drop table if exists user_profile cascade
Hibernate: drop table if exists user_profile_book_offers cascade
Hibernate: drop table if exists user_profile_favorite_categories cascade
Hibernate: drop table if exists user_profile_outgoing_book_requests cascade
Hibernate: drop table if exists user_profile_notifications cascade
Hibernate: drop sequence if exists author_seq
Hibernate: drop sequence if exists book_category_seq
Hibernate: drop sequence if exists book_offer_seq
Hibernate: drop sequence if exists book_request_seq
Hibernate: drop sequence if exists book_seq
Hibernate: drop sequence if exists user_profile_seq
Hibernate: create sequence author_seq start with 1 increment by 50
Hibernate: create sequence book_category_seq start with 1 increment by 50
Hibernate: create sequence book_offer_seq start with 1 increment by 50
Hibernate: create sequence book_request_seq start with 1 increment by 50
Hibernate: create sequence book_seq start with 1 increment by 50
Hibernate: create sequence user_profile_seq start with 1 increment by 50
Hibernate: create table author (id integer not null, name varchar(255), primary key (id))
Hibernate: create table book (id integer not null, summary varchar(255), title varchar(255), primary key (id))
Hibernate: create table book_authors (authors_id integer not null, book_id integer not null)
Hibernate: create table book_categories (book_id integer not null, categories_id bigint not null)
Hibernate: create table book_category (id bigint not null, name varchar(255) unique, primary key (id))
Hibernate: create table book_offer (offered_book_id integer unique, id bigint not null, offeror_id bigint, post_date timestamp(6), offer_description varchar(255), primary key (id))
Hibernate: create table book_offer_requests (book_offer_id bigint not null, requests_id bigint not null unique)
Hibernate: create table book_request (book_offer_id bigint, id bigint not null, requestee_id bigint, primary key (id), unique (requestee_id, book_offer_id))
Hibernate: create table user_profile (date_of_birth date, id bigint not null, bio varchar(255), email varchar(255) unique, first_name varchar(255), last_name varchar(255), password varchar(255), primary key (id))
Hibernate: create table user_profile_book_offers (book_offers_id bigint not null unique, user_profile_id bigint not null)
Hibernate: create table user_profile_favorite_categories (favorite_categories_id bigint not null, user_profile_id bigint not null)
Hibernate: create table user_profile_outgoing_book_requests (outgoing_book_requests_id bigint not null unique, user_profile_id bigint not null)
Hibernate: create table user_profile_notifications (user_profile_id bigint not null, notifications varchar(255))
Hibernate: alter table if exists book_authors add constraint FK551i3sllw1wj7ex6nir16blsm foreign key (authors_id) references author
Hibernate: alter table if exists book_authors add constraint FKs4xm7q8i3uxvaiswj1c35nnxw foreign key (book_id) references book
Hibernate: alter table if exists book_categories add constraint FKpm3c24k4vdceji5h47d5u9w2i foreign key (categories_id) references book_category
Hibernate: alter table if exists book_categories add constraint FKrq5mftm1ejl023epqbn42lpa3 foreign key (book_id) references book
Hibernate: alter table if exists book_offer add constraint FKepykb45t97hbcxpbee4s2hb2r foreign key (offered_book_id) references book
Hibernate: alter table if exists book_offer add constraint FKdr0ismuose2n030tfeiaq0mda foreign key (offeror_id) references user_profile
Hibernate: alter table if exists book_offer_requests add constraint FKqsawiycp7xjpk7rcvjmfy1kpk foreign key (requests_id) references book_request
Hibernate: alter table if exists book_offer_requests add constraint FKjbloa7h2g3bquw2bh3qg2kn1j foreign key (book_offer_id) references book_offer
Hibernate: alter table if exists book_request add constraint FK6vrnsl74dq4aa1n9ail8c40s0 foreign key (book_offer_id) references book_offer
Hibernate: alter table if exists book_request add constraint FKm39gpcesvu1l60saexgsoptjt foreign key (requestee_id) references user_profile
Hibernate: alter table if exists user_profile_book_offers add constraint FKgb61wsmksnqfm248kppoven7b foreign key (book_offers_id) references book_offer
Hibernate: alter table if exists user_profile_book_offers add constraint FK6yv2bwf2oh1ci2iefycyun9me foreign key (user_profile_id) references user_profile
Hibernate: alter table if exists user_profile_favorite_categories add constraint FK3p4sugirsd434ls2uyr8lm1gp foreign key (favorite_categories_id) references book_category
Hibernate: alter table if exists user_profile_favorite_categories add constraint FKps6nqcwnrx9d25kryfte9pufe foreign key (user_profile_id) references user_profile
Hibernate: alter table if exists user_profile_outgoing_book_requests add constraint FKdf7tl4sqhkawgpyekhahjtegv foreign key (outgoing_book_requests_id) references book_request
Hibernate: alter table if exists user_profile_outgoing_book_requests add constraint FK8otyxt09ok14v8pqtbtlcne8a foreign key (user_profile_id) references user_profile
Hibernate: alter table if exists user_profile_notifications add constraint FKspgfauj74q0mgypxdtyg2k1v5 foreign key (user_profile_id) references user_profile
2024-11-28T14:52:42.485+02:00  INFO 4792 --- [           main] j.LocalContainerEntityManagerFactoryBean : Initialized JPA EntityManagerFactory for persistence unit 'default'
2024-11-28T14:52:42.547+02:00  WARN 4792 --- [           main] JpaBaseConfiguration$JpaWebConfiguration : spring.jpa.open-in-view is enabled by default. Therefore, database queries may be performed during view rendering. Explicitly configure spring.jpa.open-in-view to disable this warning
2024-11-28T14:52:42.583+02:00  INFO 4792 --- [           main] o.s.s.web.DefaultSecurityFilterChain     : Will secure any request with [org.springframework.security.web.session.DisableEncodeUrlFilter@12301879, org.springframework.security.web.context.request.async.WebAsyncManagerIntegrationFilter@2afcc6a7, org.springframework.security.web.context.SecurityContextHolderFilter@5e5ebb7c, org.springframework.security.web.header.HeaderWriterFilter@6ec4a04a, org.springframework.web.filter.CorsFilter@3685cd73, org.springframework.security.web.csrf.CsrfFilter@2e4d2aaf, org.springframework.security.web.authentication.logout.LogoutFilter@2374c53e, org.springframework.security.web.authentication.UsernamePasswordAuthenticationFilter@1768729f, org.springframework.security.web.savedrequest.RequestCacheAwareFilter@1901fa4a, org.springframework.security.web.servletapi.SecurityContextHolderAwareRequestFilter@435734c2, org.springframework.security.web.authentication.AnonymousAuthenticationFilter@622dbdb6, org.springframework.security.web.access.ExceptionTranslationFilter@42c309e9, org.springframework.security.web.access.intercept.AuthorizationFilter@4f3a6be0]
2024-11-28T14:52:42.635+02:00  INFO 4792 --- [           main] o.b.service.BookOfferServiceTest         : Started BookOfferServiceTest in 0.419 seconds (process running for 14.431)
Hibernate: select up1_0.id,up1_0.bio,up1_0.date_of_birth,up1_0.email,up1_0.first_name,up1_0.last_name,up1_0.password from user_profile up1_0 where up1_0.id is null
Hibernate: select nextval('user_profile_seq')
Hibernate: insert into user_profile (bio,date_of_birth,email,first_name,last_name,password,id) values (?,?,?,?,?,?,?)
Hibernate: select up1_0.id,up1_0.bio,up1_0.date_of_birth,up1_0.email,up1_0.first_name,up1_0.last_name,up1_0.password from user_profile up1_0 where up1_0.id is null
Hibernate: select nextval('user_profile_seq')
Hibernate: select a1_0.id,a1_0.name from author a1_0 where a1_0.name=?
Hibernate: select nextval('author_seq')
Hibernate: select bc1_0.id,bc1_0.name from book_category bc1_0 where bc1_0.name=?
Hibernate: select nextval('book_category_seq')
Hibernate: select nextval('book_seq')
Hibernate: select nextval('book_offer_seq')
Hibernate: insert into user_profile (bio,date_of_birth,email,first_name,last_name,password,id) values (?,?,?,?,?,?,?)
Hibernate: insert into author (name,id) values (?,?)
Hibernate: insert into book_category (name,id) values (?,?)
Hibernate: insert into book (summary,title,id) values (?,?,?)
Hibernate: insert into book_offer (offer_description,offered_book_id,offeror_id,post_date,id) values (?,?,?,?,?)
Hibernate: insert into user_profile_book_offers (user_profile_id,book_offers_id) values (?,?)
Hibernate: insert into book_authors (book_id,authors_id) values (?,?)
Hibernate: insert into book_categories (book_id,categories_id) values (?,?)
Hibernate: select bo1_0.id,bo1_0.offer_description,bo1_0.offered_book_id,bo1_0.offeror_id,bo1_0.post_date from book_offer bo1_0 left join book ob1_0 on ob1_0.id=bo1_0.offered_book_id left join book_authors a1_0 on ob1_0.id=a1_0.book_id left join author a1_1 on a1_1.id=a1_0.authors_id where upper(a1_1.name) like upper(?) escape '\'
]]></system-out>
  </testcase>
  <testcase name="getBookOfferById" classname="objectArmy.bookEater.service.BookOfferServiceTest" time="0.542">
    <system-out><![CDATA[2024-11-28T14:52:42.780+02:00  INFO 4792 --- [           main] j.LocalContainerEntityManagerFactoryBean : Closing JPA EntityManagerFactory for persistence unit 'default'
2024-11-28T14:52:42.780+02:00  INFO 4792 --- [           main] com.zaxxer.hikari.HikariDataSource       : HikariPool-16 - Shutdown initiated...
2024-11-28T14:52:42.820+02:00  INFO 4792 --- [           main] com.zaxxer.hikari.HikariDataSource       : HikariPool-16 - Shutdown completed.

  .   ____          _            __ _ _
 /\\ / ___'_ __ _ _(_)_ __  __ _ \ \ \ \
( ( )\___ | '_ | '_| | '_ \/ _` | \ \ \ \
 \\/  ___)| |_)| | | | | || (_| |  ) ) ) )
  '  |____| .__|_| |_|_| |_\__, | / / / /
 =========|_|==============|___/=/_/_/_/
 :: Spring Boot ::                (v3.2.4)

2024-11-28T14:52:42.829+02:00  INFO 4792 --- [           main] o.b.service.BookOfferServiceTest         : Starting BookOfferServiceTest using Java 17.0.11 with PID 4792 (started by Dell in C:\Users\Dell\IdeaProjects\Book-Eater\bookEater)
2024-11-28T14:52:42.829+02:00  INFO 4792 --- [           main] o.b.service.BookOfferServiceTest         : The following 1 profile is active: "test"
2024-11-28T14:52:42.885+02:00  INFO 4792 --- [           main] .s.d.r.c.RepositoryConfigurationDelegate : Bootstrapping Spring Data JPA repositories in DEFAULT mode.
2024-11-28T14:52:42.892+02:00  INFO 4792 --- [           main] .s.d.r.c.RepositoryConfigurationDelegate : Finished Spring Data repository scanning in 6 ms. Found 6 JPA repository interfaces.
2024-11-28T14:52:42.918+02:00  INFO 4792 --- [           main] o.hibernate.jpa.internal.util.LogHelper  : HHH000204: Processing PersistenceUnitInfo [name: default]
2024-11-28T14:52:42.919+02:00  INFO 4792 --- [           main] o.h.c.internal.RegionFactoryInitiator    : HHH000026: Second-level cache disabled
2024-11-28T14:52:42.922+02:00  INFO 4792 --- [           main] o.s.o.j.p.SpringPersistenceUnitInfo      : No LoadTimeWeaver setup: ignoring JPA class transformer
2024-11-28T14:52:42.922+02:00  INFO 4792 --- [           main] com.zaxxer.hikari.HikariDataSource       : HikariPool-17 - Starting...
2024-11-28T14:52:42.951+02:00  INFO 4792 --- [           main] com.zaxxer.hikari.pool.HikariPool        : HikariPool-17 - Added connection org.postgresql.jdbc.PgConnection@2b4d25cd
2024-11-28T14:52:42.951+02:00  INFO 4792 --- [           main] com.zaxxer.hikari.HikariDataSource       : HikariPool-17 - Start completed.
2024-11-28T14:52:42.997+02:00  INFO 4792 --- [           main] o.h.e.t.j.p.i.JtaPlatformInitiator       : HHH000490: Using JTA platform [org.hibernate.engine.transaction.jta.platform.internal.AtomikosJtaPlatform]
Hibernate: alter table if exists book_authors drop constraint if exists FK551i3sllw1wj7ex6nir16blsm
Hibernate: alter table if exists book_authors drop constraint if exists FKs4xm7q8i3uxvaiswj1c35nnxw
Hibernate: alter table if exists book_categories drop constraint if exists FKpm3c24k4vdceji5h47d5u9w2i
Hibernate: alter table if exists book_categories drop constraint if exists FKrq5mftm1ejl023epqbn42lpa3
Hibernate: alter table if exists book_offer drop constraint if exists FKepykb45t97hbcxpbee4s2hb2r
Hibernate: alter table if exists book_offer drop constraint if exists FKdr0ismuose2n030tfeiaq0mda
Hibernate: alter table if exists book_offer_requests drop constraint if exists FKqsawiycp7xjpk7rcvjmfy1kpk
Hibernate: alter table if exists book_offer_requests drop constraint if exists FKjbloa7h2g3bquw2bh3qg2kn1j
Hibernate: alter table if exists book_request drop constraint if exists FK6vrnsl74dq4aa1n9ail8c40s0
Hibernate: alter table if exists book_request drop constraint if exists FKm39gpcesvu1l60saexgsoptjt
Hibernate: alter table if exists user_profile_book_offers drop constraint if exists FKgb61wsmksnqfm248kppoven7b
Hibernate: alter table if exists user_profile_book_offers drop constraint if exists FK6yv2bwf2oh1ci2iefycyun9me
Hibernate: alter table if exists user_profile_favorite_categories drop constraint if exists FK3p4sugirsd434ls2uyr8lm1gp
Hibernate: alter table if exists user_profile_favorite_categories drop constraint if exists FKps6nqcwnrx9d25kryfte9pufe
Hibernate: alter table if exists user_profile_outgoing_book_requests drop constraint if exists FKdf7tl4sqhkawgpyekhahjtegv
Hibernate: alter table if exists user_profile_outgoing_book_requests drop constraint if exists FK8otyxt09ok14v8pqtbtlcne8a
Hibernate: alter table if exists user_profile_notifications drop constraint if exists FKspgfauj74q0mgypxdtyg2k1v5
Hibernate: drop table if exists author cascade
Hibernate: drop table if exists book cascade
Hibernate: drop table if exists book_authors cascade
Hibernate: drop table if exists book_categories cascade
Hibernate: drop table if exists book_category cascade
Hibernate: drop table if exists book_offer cascade
Hibernate: drop table if exists book_offer_requests cascade
Hibernate: drop table if exists book_request cascade
Hibernate: drop table if exists user_profile cascade
Hibernate: drop table if exists user_profile_book_offers cascade
Hibernate: drop table if exists user_profile_favorite_categories cascade
Hibernate: drop table if exists user_profile_outgoing_book_requests cascade
Hibernate: drop table if exists user_profile_notifications cascade
Hibernate: drop sequence if exists author_seq
Hibernate: drop sequence if exists book_category_seq
Hibernate: drop sequence if exists book_offer_seq
Hibernate: drop sequence if exists book_request_seq
Hibernate: drop sequence if exists book_seq
Hibernate: drop sequence if exists user_profile_seq
Hibernate: create sequence author_seq start with 1 increment by 50
Hibernate: create sequence book_category_seq start with 1 increment by 50
Hibernate: create sequence book_offer_seq start with 1 increment by 50
Hibernate: create sequence book_request_seq start with 1 increment by 50
Hibernate: create sequence book_seq start with 1 increment by 50
Hibernate: create sequence user_profile_seq start with 1 increment by 50
Hibernate: create table author (id integer not null, name varchar(255), primary key (id))
Hibernate: create table book (id integer not null, summary varchar(255), title varchar(255), primary key (id))
Hibernate: create table book_authors (authors_id integer not null, book_id integer not null)
Hibernate: create table book_categories (book_id integer not null, categories_id bigint not null)
Hibernate: create table book_category (id bigint not null, name varchar(255) unique, primary key (id))
Hibernate: create table book_offer (offered_book_id integer unique, id bigint not null, offeror_id bigint, post_date timestamp(6), offer_description varchar(255), primary key (id))
Hibernate: create table book_offer_requests (book_offer_id bigint not null, requests_id bigint not null unique)
Hibernate: create table book_request (book_offer_id bigint, id bigint not null, requestee_id bigint, primary key (id), unique (requestee_id, book_offer_id))
Hibernate: create table user_profile (date_of_birth date, id bigint not null, bio varchar(255), email varchar(255) unique, first_name varchar(255), last_name varchar(255), password varchar(255), primary key (id))
Hibernate: create table user_profile_book_offers (book_offers_id bigint not null unique, user_profile_id bigint not null)
Hibernate: create table user_profile_favorite_categories (favorite_categories_id bigint not null, user_profile_id bigint not null)
Hibernate: create table user_profile_outgoing_book_requests (outgoing_book_requests_id bigint not null unique, user_profile_id bigint not null)
Hibernate: create table user_profile_notifications (user_profile_id bigint not null, notifications varchar(255))
Hibernate: alter table if exists book_authors add constraint FK551i3sllw1wj7ex6nir16blsm foreign key (authors_id) references author
Hibernate: alter table if exists book_authors add constraint FKs4xm7q8i3uxvaiswj1c35nnxw foreign key (book_id) references book
Hibernate: alter table if exists book_categories add constraint FKpm3c24k4vdceji5h47d5u9w2i foreign key (categories_id) references book_category
Hibernate: alter table if exists book_categories add constraint FKrq5mftm1ejl023epqbn42lpa3 foreign key (book_id) references book
Hibernate: alter table if exists book_offer add constraint FKepykb45t97hbcxpbee4s2hb2r foreign key (offered_book_id) references book
Hibernate: alter table if exists book_offer add constraint FKdr0ismuose2n030tfeiaq0mda foreign key (offeror_id) references user_profile
Hibernate: alter table if exists book_offer_requests add constraint FKqsawiycp7xjpk7rcvjmfy1kpk foreign key (requests_id) references book_request
[...]
Hibernate: alter table if exists user_profile_book_offers add constraint FKgb61wsmksnqfm248kppoven7b foreign key (book_offers_id) references book_offer
Hibernate: alter table if exists user_profile_book_offers add constraint FK6yv2bwf2oh1ci2iefycyun9me foreign key (user_profile_id) references user_profile
Hibernate: alter table if exists user_profile_favorite_categories add constraint FK3p4sugirsd434ls2uyr8lm1gp foreign key (favorite_categories_id) references book_category
Hibernate: alter table if exists user_profile_favorite_categories add constraint FKps6nqcwnrx9d25kryfte9pufe foreign key (user_profile_id) references user_profile
Hibernate: alter table if exists user_profile_outgoing_book_requests add constraint FKdf7tl4sqhkawgpyekhahjtegv foreign key (outgoing_book_requests_id) references book_request
Hibernate: alter table if exists user_profile_outgoing_book_requests add constraint FK8otyxt09ok14v8pqtbtlcne8a foreign key (user_profile_id) references user_profile
Hibernate: alter table if exists user_profile_notifications add constraint FKspgfauj74q0mgypxdtyg2k1v5 foreign key (user_profile_id) references user_profile
2024-11-28T14:52:45.273+02:00  INFO 4792 --- [           main] j.LocalContainerEntityManagerFactoryBean : Initialized JPA EntityManagerFactory for persistence unit 'default'
2024-11-28T14:52:45.316+02:00  WARN 4792 --- [           main] JpaBaseConfiguration$JpaWebConfiguration : spring.jpa.open-in-view is enabled by default. Therefore, database queries may be performed during view rendering. Explicitly configure spring.jpa.open-in-view to disable this warning
2024-11-28T14:52:45.341+02:00  INFO 4792 --- [           main] o.s.s.web.DefaultSecurityFilterChain     : Will secure any request with [org.springframework.security.web.session.DisableEncodeUrlFilter@5450054f, org.springframework.security.web.context.request.async.WebAsyncManagerIntegrationFilter@3ab741c1, org.springframework.security.web.context.SecurityContextHolderFilter@3785d381, org.springframework.security.web.header.HeaderWriterFilter@65b49da9, org.springframework.web.filter.CorsFilter@2e189df5, org.springframework.security.web.csrf.CsrfFilter@20eed80e, org.springframework.security.web.authentication.logout.LogoutFilter@7f1b488c, org.springframework.security.web.authentication.UsernamePasswordAuthenticationFilter@71aa6cde, org.springframework.security.web.savedrequest.RequestCacheAwareFilter@61fd43d7, org.springframework.security.web.servletapi.SecurityContextHolderAwareRequestFilter@27830e89, org.springframework.security.web.authentication.AnonymousAuthenticationFilter@c76d874, org.springframework.security.web.access.ExceptionTranslationFilter@47702908, org.springframework.security.web.access.intercept.AuthorizationFilter@4bbbe012]
2024-11-28T14:52:45.367+02:00  INFO 4792 --- [           main] o.b.service.BookOfferServiceTest         : Started BookOfferServiceTest in 0.349 seconds (process running for 17.162)
Hibernate: select up1_0.id,up1_0.bio,up1_0.date_of_birth,up1_0.email,up1_0.first_name,up1_0.last_name,up1_0.password from user_profile up1_0 where up1_0.id is null
Hibernate: select nextval('user_profile_seq')
Hibernate: insert into user_profile (bio,date_of_birth,email,first_name,last_name,password,id) values (?,?,?,?,?,?,?)
Hibernate: select up1_0.id,up1_0.bio,up1_0.date_of_birth,up1_0.email,up1_0.first_name,up1_0.last_name,up1_0.password from user_profile up1_0 where up1_0.id is null
Hibernate: select nextval('user_profile_seq')
Hibernate: insert into user_profile (bio,date_of_birth,email,first_name,last_name,password,id) values (?,?,?,?,?,?,?)
Hibernate: select a1_0.id,a1_0.name from author a1_0 where a1_0.name=?
Hibernate: select nextval('author_seq')
Hibernate: select bc1_0.id,bc1_0.name from book_category bc1_0 where bc1_0.name=?
Hibernate: select nextval('book_category_seq')
Hibernate: select nextval('book_seq')
Hibernate: select nextval('book_offer_seq')
Hibernate: insert into author (name,id) values (?,?)
Hibernate: insert into book_category (name,id) values (?,?)
Hibernate: insert into book (summary,title,id) values (?,?,?)
Hibernate: insert into book_offer (offer_description,offered_book_id,offeror_id,post_date,id) values (?,?,?,?,?)
Hibernate: insert into book_authors (book_id,authors_id) values (?,?)
Hibernate: insert into book_categories (book_id,categories_id) values (?,?)
Hibernate: select bo1_0.id,bo1_0.offer_description,bo1_0.offered_book_id,bo1_0.offeror_id,bo1_0.post_date from book_offer bo1_0 where bo1_0.id=?
Hibernate: select b1_0.id,b1_0.summary,b1_0.title from book b1_0 where b1_0.id=?
Hibernate: select up1_0.id,up1_0.bio,up1_0.date_of_birth,up1_0.email,up1_0.first_name,up1_0.last_name,up1_0.password from user_profile up1_0 where up1_0.id=?
Hibernate: select bo1_0.user_profile_id,bo1_1.id,bo1_1.offer_description,ob1_0.id,ob1_0.summary,ob1_0.title,o1_0.id,o1_0.bio,o1_0.date_of_birth,o1_0.email,o1_0.first_name,o1_0.last_name,o1_0.password,bo1_1.post_date from user_profile_book_offers bo1_0 join book_offer bo1_1 on bo1_1.id=bo1_0.book_offers_id left join book ob1_0 on ob1_0.id=bo1_1.offered_book_id left join user_profile o1_0 on o1_0.id=bo1_1.offeror_id where bo1_0.user_profile_id=?
Hibernate: select r1_0.book_offer_id,r1_1.id,bo1_0.id,bo1_0.offer_description,ob1_0.id,ob1_0.summary,ob1_0.title,o1_0.id,o1_0.bio,o1_0.date_of_birth,o1_0.email,o1_0.first_name,o1_0.last_name,o1_0.password,bo1_0.post_date,r2_0.id,r2_0.bio,r2_0.date_of_birth,r2_0.email,r2_0.first_name,r2_0.last_name,r2_0.password from book_offer_requests r1_0 join book_request r1_1 on r1_1.id=r1_0.requests_id left join book_offer bo1_0 on bo1_0.id=r1_1.book_offer_id left join book ob1_0 on ob1_0.id=bo1_0.offered_book_id left join user_profile o1_0 on o1_0.id=bo1_0.offeror_id left join user_profile r2_0 on r2_0.id=r1_1.requestee_id where r1_0.book_offer_id=?
Hibernate: delete from book_offer where id=?
Hibernate: select bo1_0.id,bo1_0.offer_description,bo1_0.offered_book_id,bo1_0.offeror_id,bo1_0.post_date from book_offer bo1_0
Hibernate: select br1_0.id,br1_0.book_offer_id,br1_0.requestee_id from book_request br1_0
]]></system-out>
  </testcase>
  <testcase name="searchByTitleExact" classname="objectArmy.bookEater.service.BookOfferServiceTest" time="0.527">
    <system-out><![CDATA[2024-11-28T14:52:45.527+02:00  INFO 4792 --- [           main] j.LocalContainerEntityManagerFactoryBean : Closing JPA EntityManagerFactory for persistence unit 'default'
2024-11-28T14:52:45.528+02:00  INFO 4792 --- [           main] com.zaxxer.hikari.HikariDataSource       : HikariPool-21 - Shutdown initiated...
2024-11-28T14:52:45.568+02:00  INFO 4792 --- [           main] com.zaxxer.hikari.HikariDataSource       : HikariPool-21 - Shutdown completed.

  .   ____          _            __ _ _
 /\\ / ___'_ __ _ _(_)_ __  __ _ \ \ \ \
( ( )\___ | '_ | '_| | '_ \/ _` | \ \ \ \
 \\/  ___)| |_)| | | | | || (_| |  ) ) ) )
  '  |____| .__|_| |_|_| |_\__, | / / / /
 =========|_|==============|___/=/_/_/_/
 :: Spring Boot ::                (v3.2.4)

2024-11-28T14:52:45.580+02:00  INFO 4792 --- [           main] o.b.service.BookOfferServiceTest         : Starting BookOfferServiceTest using Java 17.0.11 with PID 4792 (started by Dell in C:\Users\Dell\IdeaProjects\Book-Eater\bookEater)
2024-11-28T14:52:45.580+02:00  INFO 4792 --- [           main] o.b.service.BookOfferServiceTest         : The following 1 profile is active: "test"
2024-11-28T14:52:45.629+02:00  INFO 4792 --- [           main] .s.d.r.c.RepositoryConfigurationDelegate : Bootstrapping Spring Data JPA repositories in DEFAULT mode.
2024-11-28T14:52:45.641+02:00  INFO 4792 --- [           main] .s.d.r.c.RepositoryConfigurationDelegate : Finished Spring Data repository scanning in 11 ms. Found 6 JPA repository interfaces.
2024-11-28T14:52:45.670+02:00  INFO 4792 --- [           main] o.hibernate.jpa.internal.util.LogHelper  : HHH000204: Processing PersistenceUnitInfo [name: default]
2024-11-28T14:52:45.671+02:00  INFO 4792 --- [           main] o.h.c.internal.RegionFactoryInitiator    : HHH000026: Second-level cache disabled
2024-11-28T14:52:45.673+02:00  INFO 4792 --- [           main] o.s.o.j.p.SpringPersistenceUnitInfo      : No LoadTimeWeaver setup: ignoring JPA class transformer
2024-11-28T14:52:45.674+02:00  INFO 4792 --- [           main] com.zaxxer.hikari.HikariDataSource       : HikariPool-22 - Starting...
2024-11-28T14:52:45.701+02:00  INFO 4792 --- [           main] com.zaxxer.hikari.pool.HikariPool        : HikariPool-22 - Added connection org.postgresql.jdbc.PgConnection@115492b3
2024-11-28T14:52:45.701+02:00  INFO 4792 --- [           main] com.zaxxer.hikari.HikariDataSource       : HikariPool-22 - Start completed.
2024-11-28T14:52:45.756+02:00  INFO 4792 --- [           main] o.h.e.t.j.p.i.JtaPlatformInitiator       : HHH000490: Using JTA platform [org.hibernate.engine.transaction.jta.platform.internal.AtomikosJtaPlatform]
Hibernate: alter table if exists book_authors drop constraint if exists FK551i3sllw1wj7ex6nir16blsm
Hibernate: alter table if exists book_authors drop constraint if exists FKs4xm7q8i3uxvaiswj1c35nnxw
Hibernate: alter table if exists book_categories drop constraint if exists FKpm3c24k4vdceji5h47d5u9w2i
Hibernate: alter table if exists book_categories drop constraint if exists FKrq5mftm1ejl023epqbn42lpa3
Hibernate: alter table if exists book_offer drop constraint if exists FKepykb45t97hbcxpbee4s2hb2r
Hibernate: alter table if exists book_offer drop constraint if exists FKdr0ismuose2n030tfeiaq0mda
Hibernate: alter table if exists book_offer_requests drop constraint if exists FKqsawiycp7xjpk7rcvjmfy1kpk
Hibernate: alter table if exists book_offer_requests drop constraint if exists FKjbloa7h2g3bquw2bh3qg2kn1j
Hibernate: alter table if exists book_request drop constraint if exists FK6vrnsl74dq4aa1n9ail8c40s0
Hibernate: alter table if exists book_request drop constraint if exists FKm39gpcesvu1l60saexgsoptjt
Hibernate: alter table if exists user_profile_book_offers drop constraint if exists FKgb61wsmksnqfm248kppoven7b
Hibernate: alter table if exists user_profile_book_offers drop constraint if exists FK6yv2bwf2oh1ci2iefycyun9me
Hibernate: alter table if exists user_profile_favorite_categories drop constraint if exists FK3p4sugirsd434ls2uyr8lm1gp
Hibernate: alter table if exists user_profile_favorite_categories drop constraint if exists FKps6nqcwnrx9d25kryfte9pufe
Hibernate: alter table if exists user_profile_outgoing_book_requests drop constraint if exists FKdf7tl4sqhkawgpyekhahjtegv
Hibernate: alter table if exists user_profile_outgoing_book_requests drop constraint if exists FK8otyxt09ok14v8pqtbtlcne8a
Hibernate: alter table if exists user_profile_notifications drop constraint if exists FKspgfauj74q0mgypxdtyg2k1v5
Hibernate: drop table if exists author cascade
Hibernate: drop table if exists book cascade
Hibernate: drop table if exists book_authors cascade
Hibernate: drop table if exists book_categories cascade
Hibernate: drop table if exists book_category cascade
Hibernate: drop table if exists book_offer cascade
Hibernate: drop table if exists book_offer_requests cascade
Hibernate: drop table if exists book_request cascade
Hibernate: drop table if exists user_profile cascade
Hibernate: drop table if exists user_profile_book_offers cascade
Hibernate: drop table if exists user_profile_favorite_categories cascade
Hibernate: drop table if exists user_profile_outgoing_book_requests cascade
Hibernate: drop table if exists user_profile_notifications cascade
Hibernate: drop sequence if exists author_seq
Hibernate: drop sequence if exists book_category_seq
Hibernate: drop sequence if exists book_offer_seq
Hibernate: drop sequence if exists book_request_seq
Hibernate: drop sequence if exists book_seq
Hibernate: drop sequence if exists user_profile_seq
Hibernate: create sequence author_seq start with 1 increment by 50
Hibernate: create sequence book_category_seq start with 1 increment by 50
Hibernate: create sequence book_offer_seq start with 1 increment by 50
Hibernate: create sequence book_request_seq start with 1 increment by 50
Hibernate: create sequence book_seq start with 1 increment by 50
Hibernate: create sequence user_profile_seq start with 1 increment by 50
Hibernate: create table author (id integer not null, name varchar(255), primary key (id))
Hibernate: create table book (id integer not null, summary varchar(255), title varchar(255), primary key (id))
Hibernate: create table book_authors (authors_id integer not null, book_id integer not null)
Hibernate: create table book_categories (book_id integer not null, categories_id bigint not null)
Hibernate: create table book_category (id bigint not null, name varchar(255) unique, primary key (id))
Hibernate: create table book_offer (offered_book_id integer unique, id bigint not null, offeror_id bigint, post_date timestamp(6), offer_description varchar(255), primary key (id))
Hibernate: create table book_offer_requests (book_offer_id bigint not null, requests_id bigint not null unique)
Hibernate: create table book_request (book_offer_id bigint, id bigint not null, requestee_id bigint, primary key (id), unique (requestee_id, book_offer_id))
Hibernate: create table user_profile (date_of_birth date, id bigint not null, bio varchar(255), email varchar(255) unique, first_name varchar(255), last_name varchar(255), password varchar(255), primary key (id))
Hibernate: create table user_profile_book_offers (book_offers_id bigint not null unique, user_profile_id bigint not null)
Hibernate: create table user_profile_favorite_categories (favorite_categories_id bigint not null, user_profile_id bigint not null)
Hibernate: create table user_profile_outgoing_book_requests (outgoing_book_requests_id bigint not null unique, user_profile_id bigint not null)
Hibernate: create table user_profile_notifications (user_profile_id bigint not null, notifications varchar(255))
Hibernate: alter table if exists book_authors add constraint FK551i3sllw1wj7ex6nir16blsm foreign key (authors_id) references author
Hibernate: alter table if exists book_authors add constraint FKs4xm7q8i3uxvaiswj1c35nnxw foreign key (book_id) references book
Hibernate: alter table if exists book_categories add constraint FKpm3c24k4vdceji5h47d5u9w2i foreign key (categories_id) references book_category
Hibernate: alter table if exists book_categories add constraint FKrq5mftm1ejl023epqbn42lpa3 foreign key (book_id) references book
Hibernate: alter table if exists book_offer add constraint FKepykb45t97hbcxpbee4s2hb2r foreign key (offered_book_id) references book
Hibernate: alter table if exists book_offer add constraint FKdr0ismuose2n030tfeiaq0mda foreign key (offeror_id) references user_profile
Hibernate: alter table if exists book_offer_requests add constraint FKqsawiycp7xjpk7rcvjmfy1kpk foreign key (requests_id) references book_request
Hibernate: alter table if exists book_offer_requests add constraint FKjbloa7h2g3bquw2bh3qg2kn1j foreign key (book_offer_id) references book_offer
Hibernate: alter table if exists book_request add constraint FK6vrnsl74dq4aa1n9ail8c40s0 foreign key (book_offer_id) references book_offer
Hibernate: alter table if exists book_request add constraint FKm39gpcesvu1l60saexgsoptjt foreign key (requestee_id) references user_profile
Hibernate: alter table if exists user_profile_book_offers add constraint FKgb61wsmksnqfm248kppoven7b foreign key (book_offers_id) references book_offer
Hibernate: alter table if exists user_profile_book_offers add constraint FK6yv2bwf2oh1ci2iefycyun9me foreign key (user_profile_id) references user_profile
Hibernate: alter table if exists user_profile_favorite_categories add constraint FK3p4sugirsd434ls2uyr8lm1gp foreign key (favorite_categories_id) references book_category
Hibernate: alter table if exists user_profile_favorite_categories add constraint FKps6nqcwnrx9d25kryfte9pufe foreign key (user_profile_id) references user_profile
Hibernate: alter table if exists user_profile_outgoing_book_requests add constraint FKdf7tl4sqhkawgpyekhahjtegv foreign key (outgoing_book_requests_id) references book_request
Hibernate: alter table if exists user_profile_outgoing_book_requests add constraint FK8otyxt09ok14v8pqtbtlcne8a foreign key (user_profile_id) references user_profile
Hibernate: alter table if exists user_profile_notifications add constraint FKspgfauj74q0mgypxdtyg2k1v5 foreign key (user_profile_id) references user_profile
2024-11-28T14:52:45.827+02:00  INFO 4792 --- [           main] j.LocalContainerEntityManagerFactoryBean : Initialized JPA EntityManagerFactory for persistence unit 'default'
2024-11-28T14:52:45.870+02:00  WARN 4792 --- [           main] JpaBaseConfiguration$JpaWebConfiguration : spring.jpa.open-in-view is enabled by default. Therefore, database queries may be performed during view rendering. Explicitly configure spring.jpa.open-in-view to disable this warning
2024-11-28T14:52:45.891+02:00  INFO 4792 --- [           main] o.s.s.web.DefaultSecurityFilterChain     : Will secure any request with [org.springframework.security.web.session.DisableEncodeUrlFilter@7c5bf57e, org.springframework.security.web.context.request.async.WebAsyncManagerIntegrationFilter@523eae70, org.springframework.security.web.context.SecurityContextHolderFilter@1fbde260, org.springframework.security.web.header.HeaderWriterFilter@6f677e4d, org.springframework.web.filter.CorsFilter@cf2f830, org.springframework.security.web.csrf.CsrfFilter@5a3f22c1, org.springframework.security.web.authentication.logout.LogoutFilter@3794ff96, org.springframework.security.web.authentication.UsernamePasswordAuthenticationFilter@6c23df23, org.springframework.security.web.savedrequest.RequestCacheAwareFilter@3cb7e27c, org.springframework.security.web.servletapi.SecurityContextHolderAwareRequestFilter@130b3ad7, org.springframework.security.web.authentication.AnonymousAuthenticationFilter@7e5af44a, org.springframework.security.web.access.ExceptionTranslationFilter@29b0c471, org.springframework.security.web.access.intercept.AuthorizationFilter@7e2416d9]
2024-11-28T14:52:45.914+02:00  INFO 4792 --- [           main] o.b.service.BookOfferServiceTest         : Started BookOfferServiceTest in 0.344 seconds (process running for 17.709)
Hibernate: select up1_0.id,up1_0.bio,up1_0.date_of_birth,up1_0.email,up1_0.first_name,up1_0.last_name,up1_0.password from user_profile up1_0 where up1_0.id is null
Hibernate: select nextval('user_profile_seq')
Hibernate: insert into user_profile (bio,date_of_birth,email,first_name,last_name,password,id) values (?,?,?,?,?,?,?)
Hibernate: select up1_0.id,up1_0.bio,up1_0.date_of_birth,up1_0.email,up1_0.first_name,up1_0.last_name,up1_0.password from user_profile up1_0 where up1_0.id is null
Hibernate: select nextval('user_profile_seq')
Hibernate: select a1_0.id,a1_0.name from author a1_0 where a1_0.name=?
Hibernate: select nextval('author_seq')
Hibernate: select bc1_0.id,bc1_0.name from book_category bc1_0 where bc1_0.name=?
Hibernate: select nextval('book_category_seq')
Hibernate: select nextval('book_seq')
Hibernate: select nextval('book_offer_seq')
Hibernate: insert into user_profile (bio,date_of_birth,email,first_name,last_name,password,id) values (?,?,?,?,?,?,?)
Hibernate: insert into author (name,id) values (?,?)
Hibernate: insert into book_category (name,id) values (?,?)
Hibernate: insert into book (summary,title,id) values (?,?,?)
Hibernate: insert into book_offer (offer_description,offered_book_id,offeror_id,post_date,id) values (?,?,?,?,?)
Hibernate: insert into user_profile_book_offers (user_profile_id,book_offers_id) values (?,?)
Hibernate: insert into book_authors (book_id,authors_id) values (?,?)
Hibernate: insert into book_categories (book_id,categories_id) values (?,?)
Hibernate: select bo1_0.id,bo1_0.offer_description,bo1_0.offered_book_id,bo1_0.offeror_id,bo1_0.post_date from book_offer bo1_0 left join book ob1_0 on ob1_0.id=bo1_0.offered_book_id where ob1_0.title=?
]]></system-out>
  </testcase>
</testsuite>