<?xml version="1.0" encoding="UTF-8"?>
<testsuite xmlns:xsi="http://www.w3.org/2001/XMLSchema-instance" xsi:noNamespaceSchemaLocation="https://maven.apache.org/surefire/maven-surefire-plugin/xsd/surefire-test-report-3.0.xsd" version="3.0" name="objectArmy.bookEater.service.BookCategoryServiceTest" time="2.711" tests="5" errors="0" skipped="0" failures="0">
  <properties>
[...]
</properties>
  <testcase name="findBookCategoryByName" classname="objectArmy.bookEater.service.BookCategoryServiceTest" time="0.666">
    <system-out><![CDATA[2024-05-09T12:00:56.420+03:00  INFO 23968 --- [           main] t.c.s.AnnotationConfigContextLoaderUtils : Could not detect default configuration classes for test class [objectArmy.bookEater.service.BookCategoryServiceTest]: BookCategoryServiceTest does not declare any static, non-private, non-final, nested classes annotated with @Configuration.
2024-05-09T12:00:56.422+03:00  INFO 23968 --- [           main] .b.t.c.SpringBootTestContextBootstrapper : Found @SpringBootConfiguration objectArmy.bookEater.BookEaterApplication for test class objectArmy.bookEater.service.BookCategoryServiceTest
2024-05-09T12:00:56.427+03:00  INFO 23968 --- [           main] j.LocalContainerEntityManagerFactoryBean : Closing JPA EntityManagerFactory for persistence unit 'default'
2024-05-09T12:00:56.428+03:00  INFO 23968 --- [           main] com.zaxxer.hikari.HikariDataSource       : HikariPool-6 - Shutdown initiated...
2024-05-09T12:00:56.506+03:00  INFO 23968 --- [           main] com.zaxxer.hikari.HikariDataSource       : HikariPool-6 - Shutdown completed.

  .   ____          _            __ _ _
 /\\ / ___'_ __ _ _(_)_ __  __ _ \ \ \ \
( ( )\___ | '_ | '_| | '_ \/ _` | \ \ \ \
 \\/  ___)| |_)| | | | | || (_| |  ) ) ) )
  '  |____| .__|_| |_|_| |_\__, | / / / /
 =========|_|==============|___/=/_/_/_/
 :: Spring Boot ::                (v3.2.4)

2024-05-09T12:00:56.517+03:00  INFO 23968 --- [           main] o.b.service.BookCategoryServiceTest      : Starting BookCategoryServiceTest using Java 17.0.9 with PID 23968 (started by Philip in C:\Users\Philip\Desktop\Uni_Software_Engineering_Project\bookEater)
2024-05-09T12:00:56.518+03:00  INFO 23968 --- [           main] o.b.service.BookCategoryServiceTest      : No active profile set, falling back to 1 default profile: "default"
2024-05-09T12:00:56.609+03:00  INFO 23968 --- [           main] .s.d.r.c.RepositoryConfigurationDelegate : Bootstrapping Spring Data JPA repositories in DEFAULT mode.
2024-05-09T12:00:56.618+03:00  INFO 23968 --- [           main] .s.d.r.c.RepositoryConfigurationDelegate : Finished Spring Data repository scanning in 8 ms. Found 6 JPA repository interfaces.
2024-05-09T12:00:56.668+03:00  INFO 23968 --- [           main] o.hibernate.jpa.internal.util.LogHelper  : HHH000204: Processing PersistenceUnitInfo [name: default]
2024-05-09T12:00:56.670+03:00  INFO 23968 --- [           main] o.h.c.internal.RegionFactoryInitiator    : HHH000026: Second-level cache disabled
2024-05-09T12:00:56.674+03:00  INFO 23968 --- [           main] o.s.o.j.p.SpringPersistenceUnitInfo      : No LoadTimeWeaver setup: ignoring JPA class transformer
2024-05-09T12:00:56.675+03:00  INFO 23968 --- [           main] com.zaxxer.hikari.HikariDataSource       : HikariPool-7 - Starting...
2024-05-09T12:00:56.707+03:00  INFO 23968 --- [           main] com.zaxxer.hikari.pool.HikariPool        : HikariPool-7 - Added connection org.postgresql.jdbc.PgConnection@6e81084f
2024-05-09T12:00:56.708+03:00  INFO 23968 --- [           main] com.zaxxer.hikari.HikariDataSource       : HikariPool-7 - Start completed.
2024-05-09T12:00:56.795+03:00  INFO 23968 --- [           main] o.h.e.t.j.p.i.JtaPlatformInitiator       : HHH000490: Using JTA platform [org.hibernate.engine.transaction.jta.platform.internal.AtomikosJtaPlatform]
Hibernate: alter table if exists book_authors drop constraint if exists FK551i3sllw1wj7ex6nir16blsm
Hibernate: alter table if exists book_authors drop constraint if exists FKs4xm7q8i3uxvaiswj1c35nnxw
Hibernate: alter table if exists book_categories drop constraint if exists FKpm3c24k4vdceji5h47d5u9w2i
Hibernate: alter table if exists book_categories drop constraint if exists FKrq5mftm1ejl023epqbn42lpa3
Hibernate: alter table if exists book_offer drop constraint if exists FKepykb45t97hbcxpbee4s2hb2r
Hibernate: alter table if exists book_offer drop constraint if exists FKdr0ismuose2n030tfeiaq0mda
Hibernate: alter table if exists book_offer_requests drop constraint if exists FKqsawiycp7xjpk7rcvjmfy1kpk
Hibernate: alter table if exists book_offer_requests drop constraint if exists FKjbloa7h2g3bquw2bh3qg2kn1j
Hibernate: alter table if exists book_request drop constraint if exists FK6vrnsl74dq4aa1n9ail8c40s0
Hibernate: alter table if exists book_request drop constraint if exists FKm39gpcesvu1l60saexgsoptjt
Hibernate: alter table if exists user_profile_book_offers drop constraint if exists FKgb61wsmksnqfm248kppoven7b
Hibernate: alter table if exists user_profile_book_offers drop constraint if exists FK6yv2bwf2oh1ci2iefycyun9me
Hibernate: alter table if exists user_profile_favorite_categories drop constraint if exists FK3p4sugirsd434ls2uyr8lm1gp
Hibernate: alter table if exists user_profile_favorite_categories drop constraint if exists FKps6nqcwnrx9d25kryfte9pufe
Hibernate: alter table if exists user_profile_outgoing_book_requests drop constraint if exists FKdf7tl4sqhkawgpyekhahjtegv
Hibernate: alter table if exists user_profile_outgoing_book_requests drop constraint if exists FK8otyxt09ok14v8pqtbtlcne8a
Hibernate: alter table if exists user_profile_notifications drop constraint if exists FKspgfauj74q0mgypxdtyg2k1v5
Hibernate: drop table if exists author cascade
Hibernate: drop table if exists book cascade
Hibernate: drop table if exists book_authors cascade
Hibernate: drop table if exists book_categories cascade
Hibernate: drop table if exists book_category cascade
Hibernate: drop table if exists book_offer cascade
Hibernate: drop table if exists book_offer_requests cascade
Hibernate: drop table if exists book_request cascade
Hibernate: drop table if exists user_profile cascade
Hibernate: drop table if exists user_profile_book_offers cascade
Hibernate: drop table if exists user_profile_favorite_categories cascade
Hibernate: drop table if exists user_profile_outgoing_book_requests cascade
Hibernate: drop table if exists user_profile_notifications cascade
Hibernate: drop sequence if exists author_seq
Hibernate: drop sequence if exists book_category_seq
Hibernate: drop sequence if exists book_offer_seq
Hibernate: drop sequence if exists book_request_seq
Hibernate: drop sequence if exists book_seq
Hibernate: drop sequence if exists user_profile_seq
Hibernate: create sequence author_seq start with 1 increment by 50
Hibernate: create sequence book_category_seq start with 1 increment by 50
Hibernate: create sequence book_offer_seq start with 1 increment by 50
Hibernate: create sequence book_request_seq start with 1 increment by 50
Hibernate: create sequence book_seq start with 1 increment by 50
Hibernate: create sequence user_profile_seq start with 1 increment by 50
Hibernate: create table author (id integer not null, name varchar(255), primary key (id))
Hibernate: create table book (id integer not null, summary varchar(255), title varchar(255), primary key (id))
Hibernate: create table book_authors (authors_id integer not null, book_id integer not null)
Hibernate: create table book_categories (book_id integer not null, categories_id bigint not null)
Hibernate: create table book_category (id bigint not null, name varchar(255) unique, primary key (id))
Hibernate: create table book_offer (offered_book_id integer unique, id bigint not null, offeror_id bigint, post_date timestamp(6), offer_description varchar(255), primary key (id))
Hibernate: create table book_offer_requests (book_offer_id bigint not null, requests_id bigint not null unique)
Hibernate: create table book_request (book_offer_id bigint, id bigint not null, requestee_id bigint, primary key (id), unique (requestee_id, book_offer_id))
Hibernate: create table user_profile (date_of_birth date, id bigint not null, bio varchar(255), email varchar(255) unique, first_name varchar(255), last_name varchar(255), password varchar(255), primary key (id))
Hibernate: create table user_profile_book_offers (book_offers_id bigint not null unique, user_profile_id bigint not null)
Hibernate: create table user_profile_favorite_categories (favorite_categories_id bigint not null, user_profile_id bigint not null)
Hibernate: create table user_profile_outgoing_book_requests (outgoing_book_requests_id bigint not null unique, user_profile_id bigint not null)
Hibernate: create table user_profile_notifications (user_profile_id bigint not null, notifications varchar(255))
Hibernate: alter table if exists book_authors add constraint FK551i3sllw1wj7ex6nir16blsm foreign key (authors_id) references author
Hibernate: alter table if exists book_authors add constraint FKs4xm7q8i3uxvaiswj1c35nnxw foreign key (book_id) references book
Hibernate: alter table if exists book_categories add constraint FKpm3c24k4vdceji5h47d5u9w2i foreign key (categories_id) references book_category
Hibernate: alter table if exists book_categories add constraint FKrq5mftm1ejl023epqbn42lpa3 foreign key (book_id) references book
Hibernate: alter table if exists book_offer add constraint FKepykb45t97hbcxpbee4s2hb2r foreign key (offered_book_id) references book
Hibernate: alter table if exists book_offer add constraint FKdr0ismuose2n030tfeiaq0mda foreign key (offeror_id) references user_profile
Hibernate: alter table if exists book_offer_requests add constraint FKqsawiycp7xjpk7rcvjmfy1kpk foreign key (requests_id) references book_request
Hibernate: alter table if exists book_offer_requests add constraint FKjbloa7h2g3bquw2bh3qg2kn1j foreign key (book_offer_id) references book_offer
Hibernate: alter table if exists book_request add constraint FK6vrnsl74dq4aa1n9ail8c40s0 foreign key (book_offer_id) references book_offer
Hibernate: alter table if exists book_request add constraint FKm39gpcesvu1l60saexgsoptjt foreign key (requestee_id) references user_profile
Hibernate: alter table if exists user_profile_book_offers add constraint FKgb61wsmksnqfm248kppoven7b foreign key (book_offers_id) references book_offer
Hibernate: alter table if exists user_profile_book_offers add constraint FK6yv2bwf2oh1ci2iefycyun9me foreign key (user_profile_id) references user_profile
Hibernate: alter table if exists user_profile_favorite_categories add constraint FK3p4sugirsd434ls2uyr8lm1gp foreign key (favorite_categories_id) references book_category
Hibernate: alter table if exists user_profile_favorite_categories add constraint FKps6nqcwnrx9d25kryfte9pufe foreign key (user_profile_id) references user_profile
Hibernate: alter table if exists user_profile_outgoing_book_requests add constraint FKdf7tl4sqhkawgpyekhahjtegv foreign key (outgoing_book_requests_id) references book_request
Hibernate: alter table if exists user_profile_outgoing_book_requests add constraint FK8otyxt09ok14v8pqtbtlcne8a foreign key (user_profile_id) references user_profile
Hibernate: alter table if exists user_profile_notifications add constraint FKspgfauj74q0mgypxdtyg2k1v5 foreign key (user_profile_id) references user_profile
2024-05-09T12:00:56.915+03:00  INFO 23968 --- [           main] j.LocalContainerEntityManagerFactoryBean : Initialized JPA EntityManagerFactory for persistence unit 'default'
2024-05-09T12:00:57.007+03:00  WARN 23968 --- [           main] JpaBaseConfiguration$JpaWebConfiguration : spring.jpa.open-in-view is enabled by default. Therefore, database queries may be performed during view rendering. Explicitly configure spring.jpa.open-in-view to disable this warning
2024-05-09T12:00:57.048+03:00  INFO 23968 --- [           main] o.s.s.web.DefaultSecurityFilterChain     : Will secure any request with [org.springframework.security.web.session.DisableEncodeUrlFilter@64231d5d, org.springframework.security.web.context.request.async.WebAsyncManagerIntegrationFilter@2857f172, org.springframework.security.web.context.SecurityContextHolderFilter@1235aa76, org.springframework.security.web.header.HeaderWriterFilter@5b99ede3, org.springframework.web.filter.CorsFilter@43ff0650, org.springframework.security.web.csrf.CsrfFilter@635763d4, org.springframework.security.web.authentication.logout.LogoutFilter@5d617472, org.springframework.security.web.authentication.UsernamePasswordAuthenticationFilter@32b72d9d, org.springframework.security.web.savedrequest.RequestCacheAwareFilter@4a242227, org.springframework.security.web.servletapi.SecurityContextHolderAwareRequestFilter@76da1984, org.springframework.security.web.authentication.AnonymousAuthenticationFilter@482f0077, org.springframework.security.web.access.ExceptionTranslationFilter@2e824817, org.springframework.security.web.access.intercept.AuthorizationFilter@108f7999]
2024-05-09T12:00:57.081+03:00  INFO 23968 --- [           main] o.b.service.BookCategoryServiceTest      : Started BookCategoryServiceTest in 0.574 seconds (process running for 14.574)
Hibernate: select nextval('book_category_seq')
Hibernate: insert into book_category (name,id) values (?,?)
Hibernate: select nextval('book_category_seq')
Hibernate: insert into book_category (name,id) values (?,?)
Hibernate: select bc1_0.id,bc1_0.name from book_category bc1_0 where bc1_0.name=?
]]></system-out>
  </testcase>
  <testcase name="getBookCategoryByName" classname="objectArmy.bookEater.service.BookCategoryServiceTest" time="0.474">
    <system-out><![CDATA[2024-05-09T12:00:57.094+03:00  INFO 23968 --- [           main] j.LocalContainerEntityManagerFactoryBean : Closing JPA EntityManagerFactory for persistence unit 'default'
2024-05-09T12:00:57.094+03:00  INFO 23968 --- [           main] com.zaxxer.hikari.HikariDataSource       : HikariPool-7 - Shutdown initiated...
2024-05-09T12:00:57.102+03:00  INFO 23968 --- [           main] com.zaxxer.hikari.HikariDataSource       : HikariPool-7 - Shutdown completed.

  .   ____          _            __ _ _
 /\\ / ___'_ __ _ _(_)_ __  __ _ \ \ \ \
( ( )\___ | '_ | '_| | '_ \/ _` | \ \ \ \
 \\/  ___)| |_)| | | | | || (_| |  ) ) ) )
  '  |____| .__|_| |_|_| |_\__, | / / / /
 =========|_|==============|___/=/_/_/_/
 :: Spring Boot ::                (v3.2.4)

2024-05-09T12:00:57.116+03:00  INFO 23968 --- [           main] o.b.service.BookCategoryServiceTest      : Starting BookCategoryServiceTest using Java 17.0.9 with PID 23968 (started by Philip in C:\Users\Philip\Desktop\Uni_Software_Engineering_Project\bookEater)
2024-05-09T12:00:57.116+03:00  INFO 23968 --- [           main] o.b.service.BookCategoryServiceTest      : No active profile set, falling back to 1 default profile: "default"
2024-05-09T12:00:57.183+03:00  INFO 23968 --- [           main] .s.d.r.c.RepositoryConfigurationDelegate : Bootstrapping Spring Data JPA repositories in DEFAULT mode.
2024-05-09T12:00:57.193+03:00  INFO 23968 --- [           main] .s.d.r.c.RepositoryConfigurationDelegate : Finished Spring Data repository scanning in 9 ms. Found 6 JPA repository interfaces.
2024-05-09T12:00:57.233+03:00  INFO 23968 --- [           main] o.hibernate.jpa.internal.util.LogHelper  : HHH000204: Processing PersistenceUnitInfo [name: default]
2024-05-09T12:00:57.234+03:00  INFO 23968 --- [           main] o.h.c.internal.RegionFactoryInitiator    : HHH000026: Second-level cache disabled
2024-05-09T12:00:57.238+03:00  INFO 23968 --- [           main] o.s.o.j.p.SpringPersistenceUnitInfo      : No LoadTimeWeaver setup: ignoring JPA class transformer
2024-05-09T12:00:57.238+03:00  INFO 23968 --- [           main] com.zaxxer.hikari.HikariDataSource       : HikariPool-8 - Starting...
2024-05-09T12:00:57.263+03:00  INFO 23968 --- [           main] com.zaxxer.hikari.pool.HikariPool        : HikariPool-8 - Added connection org.postgresql.jdbc.PgConnection@53927d4c
2024-05-09T12:00:57.263+03:00  INFO 23968 --- [           main] com.zaxxer.hikari.HikariDataSource       : HikariPool-8 - Start completed.
2024-05-09T12:00:57.335+03:00  INFO 23968 --- [           main] o.h.e.t.j.p.i.JtaPlatformInitiator       : HHH000490: Using JTA platform [org.hibernate.engine.transaction.jta.platform.internal.AtomikosJtaPlatform]
Hibernate: alter table if exists book_authors drop constraint if exists FK551i3sllw1wj7ex6nir16blsm
Hibernate: alter table if exists book_authors drop constraint if exists FKs4xm7q8i3uxvaiswj1c35nnxw
Hibernate: alter table if exists book_categories drop constraint if exists FKpm3c24k4vdceji5h47d5u9w2i
Hibernate: alter table if exists book_categories drop constraint if exists FKrq5mftm1ejl023epqbn42lpa3
Hibernate: alter table if exists book_offer drop constraint if exists FKepykb45t97hbcxpbee4s2hb2r
Hibernate: alter table if exists book_offer drop constraint if exists FKdr0ismuose2n030tfeiaq0mda
Hibernate: alter table if exists book_offer_requests drop constraint if exists FKqsawiycp7xjpk7rcvjmfy1kpk
Hibernate: alter table if exists book_offer_requests drop constraint if exists FKjbloa7h2g3bquw2bh3qg2kn1j
Hibernate: alter table if exists book_request drop constraint if exists FK6vrnsl74dq4aa1n9ail8c40s0
Hibernate: alter table if exists book_request drop constraint if exists FKm39gpcesvu1l60saexgsoptjt
Hibernate: alter table if exists user_profile_book_offers drop constraint if exists FKgb61wsmksnqfm248kppoven7b
Hibernate: alter table if exists user_profile_book_offers drop constraint if exists FK6yv2bwf2oh1ci2iefycyun9me
Hibernate: alter table if exists user_profile_favorite_categories drop constraint if exists FK3p4sugirsd434ls2uyr8lm1gp
Hibernate: alter table if exists user_profile_favorite_categories drop constraint if exists FKps6nqcwnrx9d25kryfte9pufe
Hibernate: alter table if exists user_profile_outgoing_book_requests drop constraint if exists FKdf7tl4sqhkawgpyekhahjtegv
Hibernate: alter table if exists user_profile_outgoing_book_requests drop constraint if exists FK8otyxt09ok14v8pqtbtlcne8a
Hibernate: alter table if exists user_profile_notifications drop constraint if exists FKspgfauj74q0mgypxdtyg2k1v5
Hibernate: drop table if exists author cascade
Hibernate: drop table if exists book cascade
Hibernate: drop table if exists book_authors cascade
Hibernate: drop table if exists book_categories cascade
Hibernate: drop table if exists book_category cascade
Hibernate: drop table if exists book_offer cascade
Hibernate: drop table if exists book_offer_requests cascade
Hibernate: drop table if exists book_request cascade
Hibernate: drop table if exists user_profile cascade
Hibernate: drop table if exists user_profile_book_offers cascade
Hibernate: drop table if exists user_profile_favorite_categories cascade
Hibernate: drop table if exists user_profile_outgoing_book_requests cascade
Hibernate: drop table if exists user_profile_notifications cascade
Hibernate: drop sequence if exists author_seq
Hibernate: drop sequence if exists book_category_seq
Hibernate: drop sequence if exists book_offer_seq
Hibernate: drop sequence if exists book_request_seq
Hibernate: drop sequence if exists book_seq
Hibernate: drop sequence if exists user_profile_seq
Hibernate: create sequence author_seq start with 1 increment by 50
Hibernate: create sequence book_category_seq start with 1 increment by 50
Hibernate: create sequence book_offer_seq start with 1 increment by 50
Hibernate: create sequence book_request_seq start with 1 increment by 50
Hibernate: create sequence book_seq start with 1 increment by 50
Hibernate: create sequence user_profile_seq start with 1 increment by 50
Hibernate: create table author (id integer not null, name varchar(255), primary key (id))
Hibernate: create table book (id integer not null, summary varchar(255), title varchar(255), primary key (id))
Hibernate: create table book_authors (authors_id integer not null, book_id integer not null)
Hibernate: create table book_categories (book_id integer not null, categories_id bigint not null)
Hibernate: create table book_category (id bigint not null, name varchar(255) unique, primary key (id))
Hibernate: create table book_offer (offered_book_id integer unique, id bigint not null, offeror_id bigint, post_date timestamp(6), offer_description varchar(255), primary key (id))
Hibernate: create table book_offer_requests (book_offer_id bigint not null, requests_id bigint not null unique)
Hibernate: create table book_request (book_offer_id bigint, id bigint not null, requestee_id bigint, primary key (id), unique (requestee_id, book_offer_id))
Hibernate: create table user_profile (date_of_birth date, id bigint not null, bio varchar(255), email varchar(255) unique, first_name varchar(255), last_name varchar(255), password varchar(255), primary key (id))
Hibernate: create table user_profile_book_offers (book_offers_id bigint not null unique, user_profile_id bigint not null)
Hibernate: create table user_profile_favorite_categories (favorite_categories_id bigint not null, user_profile_id bigint not null)
Hibernate: create table user_profile_outgoing_book_requests (outgoing_book_requests_id bigint not null unique, user_profile_id bigint not null)
Hibernate: create table user_profile_notifications (user_profile_id bigint not null, notifications varchar(255))
Hibernate: alter table if exists book_authors add constraint FK551i3sllw1wj7ex6nir16blsm foreign key (authors_id) references author
Hibernate: alter table if exists book_authors add constraint FKs4xm7q8i3uxvaiswj1c35nnxw foreign key (book_id) references book
Hibernate: alter table if exists book_categories add constraint FKpm3c24k4vdceji5h47d5u9w2i foreign key (categories_id) references book_category
Hibernate: alter table if exists book_categories add constraint FKrq5mftm1ejl023epqbn42lpa3 foreign key (book_id) references book
Hibernate: alter table if exists book_offer add constraint FKepykb45t97hbcxpbee4s2hb2r foreign key (offered_book_id) references book
Hibernate: alter table if exists book_offer add constraint FKdr0ismuose2n030tfeiaq0mda foreign key (offeror_id) references user_profile
Hibernate: alter table if exists book_offer_requests add constraint FKqsawiycp7xjpk7rcvjmfy1kpk foreign key (requests_id) references book_request
Hibernate: alter table if exists book_offer_requests add constraint FKjbloa7h2g3bquw2bh3qg2kn1j foreign key (book_offer_id) references book_offer
Hibernate: alter table if exists book_request add constraint FK6vrnsl74dq4aa1n9ail8c40s0 foreign key (book_offer_id) references book_offer
Hibernate: alter table if exists book_request add constraint FKm39gpcesvu1l60saexgsoptjt foreign key (requestee_id) references user_profile
Hibernate: alter table if exists user_profile_book_offers add constraint FKgb61wsmksnqfm248kppoven7b foreign key (book_offers_id) references book_offer
Hibernate: alter table if exists user_profile_book_offers add constraint FK6yv2bwf2oh1ci2iefycyun9me foreign key (user_profile_id) references user_profile
Hibernate: alter table if exists user_profile_favorite_categories add constraint FK3p4sugirsd434ls2uyr8lm1gp foreign key (favorite_categories_id) references book_category
Hibernate: alter table if exists user_profile_favorite_categories add constraint FKps6nqcwnrx9d25kryfte9pufe foreign key (user_profile_id) references user_profile
Hibernate: alter table if exists user_profile_outgoing_book_requests add constraint FKdf7tl4sqhkawgpyekhahjtegv foreign key (outgoing_book_requests_id) references book_request
Hibernate: alter table if exists user_profile_outgoing_book_requests add constraint FK8otyxt09ok14v8pqtbtlcne8a foreign key (user_profile_id) references user_profile
Hibernate: alter table if exists user_profile_notifications add constraint FKspgfauj74q0mgypxdtyg2k1v5 foreign key (user_profile_id) references user_profile
2024-05-09T12:00:57.409+03:00  INFO 23968 --- [           main] j.LocalContainerEntityManagerFactoryBean : Initialized JPA EntityManagerFactory for persistence unit 'default'
2024-05-09T12:00:57.488+03:00  WARN 23968 --- [           main] JpaBaseConfiguration$JpaWebConfiguration : spring.jpa.open-in-view is enabled by default. Therefore, database queries may be performed during view rendering. Explicitly configure spring.jpa.open-in-view to disable this warning
2024-05-09T12:00:57.519+03:00  INFO 23968 --- [           main] o.s.s.web.DefaultSecurityFilterChain     : Will secure any request with [org.springframework.security.web.session.DisableEncodeUrlFilter@373d86e, org.springframework.security.web.context.request.async.WebAsyncManagerIntegrationFilter@4969b90d, org.springframework.security.web.context.SecurityContextHolderFilter@1067da91, org.springframework.security.web.header.HeaderWriterFilter@5c2bccb5, org.springframework.web.filter.CorsFilter@287213ac, org.springframework.security.web.csrf.CsrfFilter@7c5abd91, org.springframework.security.web.authentication.logout.LogoutFilter@7b836cf6, org.springframework.security.web.authentication.UsernamePasswordAuthenticationFilter@6377ec2a, org.springframework.security.web.savedrequest.RequestCacheAwareFilter@39785b39, org.springframework.security.web.servletapi.SecurityContextHolderAwareRequestFilter@57d2b7bd, org.springframework.security.web.authentication.AnonymousAuthenticationFilter@74b8bc34, org.springframework.security.web.access.ExceptionTranslationFilter@ebc1f14, org.springframework.security.web.access.intercept.AuthorizationFilter@42f461c5]
2024-05-09T12:00:57.552+03:00  INFO 23968 --- [           main] o.b.service.BookCategoryServiceTest      : Started BookCategoryServiceTest in 0.448 seconds (process running for 15.045)
Hibernate: select nextval('book_category_seq')
Hibernate: insert into book_category (name,id) values (?,?)
Hibernate: select nextval('book_category_seq')
Hibernate: insert into book_category (name,id) values (?,?)
Hibernate: select bc1_0.id,bc1_0.name from book_category bc1_0 where bc1_0.name=?
]]></system-out>
  </testcase>
  <testcase name="addBookCategory" classname="objectArmy.bookEater.service.BookCategoryServiceTest" time="0.509">
    <system-out><![CDATA[2024-05-09T12:00:57.568+03:00  INFO 23968 --- [           main] j.LocalContainerEntityManagerFactoryBean : Closing JPA EntityManagerFactory for persistence unit 'default'
2024-05-09T12:00:57.568+03:00  INFO 23968 --- [           main] com.zaxxer.hikari.HikariDataSource       : HikariPool-8 - Shutdown initiated...
2024-05-09T12:00:57.603+03:00  INFO 23968 --- [           main] com.zaxxer.hikari.HikariDataSource       : HikariPool-8 - Shutdown completed.

  .   ____          _            __ _ _
 /\\ / ___'_ __ _ _(_)_ __  __ _ \ \ \ \
( ( )\___ | '_ | '_| | '_ \/ _` | \ \ \ \
 \\/  ___)| |_)| | | | | || (_| |  ) ) ) )
  '  |____| .__|_| |_|_| |_\__, | / / / /
 =========|_|==============|___/=/_/_/_/
 :: Spring Boot ::                (v3.2.4)

2024-05-09T12:00:57.612+03:00  INFO 23968 --- [           main] o.b.service.BookCategoryServiceTest      : Starting BookCategoryServiceTest using Java 17.0.9 with PID 23968 (started by Philip in C:\Users\Philip\Desktop\Uni_Software_Engineering_Project\bookEater)
2024-05-09T12:00:57.612+03:00  INFO 23968 --- [           main] o.b.service.BookCategoryServiceTest      : No active profile set, falling back to 1 default profile: "default"
2024-05-09T12:00:57.691+03:00  INFO 23968 --- [           main] .s.d.r.c.RepositoryConfigurationDelegate : Bootstrapping Spring Data JPA repositories in DEFAULT mode.
2024-05-09T12:00:57.699+03:00  INFO 23968 --- [           main] .s.d.r.c.RepositoryConfigurationDelegate : Finished Spring Data repository scanning in 7 ms. Found 6 JPA repository interfaces.
2024-05-09T12:00:57.739+03:00  INFO 23968 --- [           main] o.hibernate.jpa.internal.util.LogHelper  : HHH000204: Processing PersistenceUnitInfo [name: default]
2024-05-09T12:00:57.740+03:00  INFO 23968 --- [           main] o.h.c.internal.RegionFactoryInitiator    : HHH000026: Second-level cache disabled
2024-05-09T12:00:57.743+03:00  INFO 23968 --- [           main] o.s.o.j.p.SpringPersistenceUnitInfo      : No LoadTimeWeaver setup: ignoring JPA class transformer
2024-05-09T12:00:57.743+03:00  INFO 23968 --- [           main] com.zaxxer.hikari.HikariDataSource       : HikariPool-9 - Starting...
2024-05-09T12:00:57.774+03:00  INFO 23968 --- [           main] com.zaxxer.hikari.pool.HikariPool        : HikariPool-9 - Added connection org.postgresql.jdbc.PgConnection@3894400
2024-05-09T12:00:57.774+03:00  INFO 23968 --- [           main] com.zaxxer.hikari.HikariDataSource       : HikariPool-9 - Start completed.
2024-05-09T12:00:57.840+03:00  INFO 23968 --- [           main] o.h.e.t.j.p.i.JtaPlatformInitiator       : HHH000490: Using JTA platform [org.hibernate.engine.transaction.jta.platform.internal.AtomikosJtaPlatform]
Hibernate: alter table if exists book_authors drop constraint if exists FK551i3sllw1wj7ex6nir16blsm
Hibernate: alter table if exists book_authors drop constraint if exists FKs4xm7q8i3uxvaiswj1c35nnxw
Hibernate: alter table if exists book_categories drop constraint if exists FKpm3c24k4vdceji5h47d5u9w2i
Hibernate: alter table if exists book_categories drop constraint if exists FKrq5mftm1ejl023epqbn42lpa3
Hibernate: alter table if exists book_offer drop constraint if exists FKepykb45t97hbcxpbee4s2hb2r
Hibernate: alter table if exists book_offer drop constraint if exists FKdr0ismuose2n030tfeiaq0mda
Hibernate: alter table if exists book_offer_requests drop constraint if exists FKqsawiycp7xjpk7rcvjmfy1kpk
Hibernate: alter table if exists book_offer_requests drop constraint if exists FKjbloa7h2g3bquw2bh3qg2kn1j
Hibernate: alter table if exists book_request drop constraint if exists FK6vrnsl74dq4aa1n9ail8c40s0
Hibernate: alter table if exists book_request drop constraint if exists FKm39gpcesvu1l60saexgsoptjt
Hibernate: alter table if exists user_profile_book_offers drop constraint if exists FKgb61wsmksnqfm248kppoven7b
Hibernate: alter table if exists user_profile_book_offers drop constraint if exists FK6yv2bwf2oh1ci2iefycyun9me
Hibernate: alter table if exists user_profile_favorite_categories drop constraint if exists FK3p4sugirsd434ls2uyr8lm1gp
Hibernate: alter table if exists user_profile_favorite_categories drop constraint if exists FKps6nqcwnrx9d25kryfte9pufe
Hibernate: alter table if exists user_profile_outgoing_book_requests drop constraint if exists FKdf7tl4sqhkawgpyekhahjtegv
Hibernate: alter table if exists user_profile_outgoing_book_requests drop constraint if exists FK8otyxt09ok14v8pqtbtlcne8a
Hibernate: alter table if exists user_profile_notifications drop constraint if exists FKspgfauj74q0mgypxdtyg2k1v5
Hibernate: drop table if exists author cascade
Hibernate: drop table if exists book cascade
Hibernate: drop table if exists book_authors cascade
Hibernate: drop table if exists book_categories cascade
Hibernate: drop table if exists book_category cascade
Hibernate: drop table if exists book_offer cascade
Hibernate: drop table if exists book_offer_requests cascade
Hibernate: drop table if exists book_request cascade
Hibernate: drop table if exists user_profile cascade
Hibernate: drop table if exists user_profile_book_offers cascade
Hibernate: drop table if exists user_profile_favorite_categories cascade
Hibernate: drop table if exists user_profile_outgoing_book_requests cascade
Hibernate: drop table if exists user_profile_notifications cascade
Hibernate: drop sequence if exists author_seq
Hibernate: drop sequence if exists book_category_seq
Hibernate: drop sequence if exists book_offer_seq
Hibernate: drop sequence if exists book_request_seq
Hibernate: drop sequence if exists book_seq
Hibernate: drop sequence if exists user_profile_seq
Hibernate: create sequence author_seq start with 1 increment by 50
Hibernate: create sequence book_category_seq start with 1 increment by 50
Hibernate: create sequence book_offer_seq start with 1 increment by 50
Hibernate: create sequence book_request_seq start with 1 increment by 50
Hibernate: create sequence book_seq start with 1 increment by 50
Hibernate: create sequence user_profile_seq start with 1 increment by 50
Hibernate: create table author (id integer not null, name varchar(255), primary key (id))
Hibernate: create table book (id integer not null, summary varchar(255), title varchar(255), primary key (id))
Hibernate: create table book_authors (authors_id integer not null, book_id integer not null)
Hibernate: create table book_categories (book_id integer not null, categories_id bigint not null)
Hibernate: create table book_category (id bigint not null, name varchar(255) unique, primary key (id))
Hibernate: create table book_offer (offered_book_id integer unique, id bigint not null, offeror_id bigint, post_date timestamp(6), offer_description varchar(255), primary key (id))
Hibernate: create table book_offer_requests (book_offer_id bigint not null, requests_id bigint not null unique)
Hibernate: create table book_request (book_offer_id bigint, id bigint not null, requestee_id bigint, primary key (id), unique (requestee_id, book_offer_id))
Hibernate: create table user_profile (date_of_birth date, id bigint not null, bio varchar(255), email varchar(255) unique, first_name varchar(255), last_name varchar(255), password varchar(255), primary key (id))
Hibernate: create table user_profile_book_offers (book_offers_id bigint not null unique, user_profile_id bigint not null)
Hibernate: create table user_profile_favorite_categories (favorite_categories_id bigint not null, user_profile_id bigint not null)
Hibernate: create table user_profile_outgoing_book_requests (outgoing_book_requests_id bigint not null unique, user_profile_id bigint not null)
Hibernate: create table user_profile_notifications (user_profile_id bigint not null, notifications varchar(255))
Hibernate: alter table if exists book_authors add constraint FK551i3sllw1wj7ex6nir16blsm foreign key (authors_id) references author
Hibernate: alter table if exists book_authors add constraint FKs4xm7q8i3uxvaiswj1c35nnxw foreign key (book_id) references book
Hibernate: alter table if exists book_categories add constraint FKpm3c24k4vdceji5h47d5u9w2i foreign key (categories_id) references book_category
Hibernate: alter table if exists book_categories add constraint FKrq5mftm1ejl023epqbn42lpa3 foreign key (book_id) references book
Hibernate: alter table if exists book_offer add constraint FKepykb45t97hbcxpbee4s2hb2r foreign key (offered_book_id) references book
Hibernate: alter table if exists book_offer add constraint FKdr0ismuose2n030tfeiaq0mda foreign key (offeror_id) references user_profile
Hibernate: alter table if exists book_offer_requests add constraint FKqsawiycp7xjpk7rcvjmfy1kpk foreign key (requests_id) references book_request
Hibernate: alter table if exists book_offer_requests add constraint FKjbloa7h2g3bquw2bh3qg2kn1j foreign key (book_offer_id) references book_offer
Hibernate: alter table if exists book_request add constraint FK6vrnsl74dq4aa1n9ail8c40s0 foreign key (book_offer_id) references book_offer
Hibernate: alter table if exists book_request add constraint FKm39gpcesvu1l60saexgsoptjt foreign key (requestee_id) references user_profile
Hibernate: alter table if exists user_profile_book_offers add constraint FKgb61wsmksnqfm248kppoven7b foreign key (book_offers_id) references book_offer
Hibernate: alter table if exists user_profile_book_offers add constraint FK6yv2bwf2oh1ci2iefycyun9me foreign key (user_profile_id) references user_profile
Hibernate: alter table if exists user_profile_favorite_categories add constraint FK3p4sugirsd434ls2uyr8lm1gp foreign key (favorite_categories_id) references book_category
Hibernate: alter table if exists user_profile_favorite_categories add constraint FKps6nqcwnrx9d25kryfte9pufe foreign key (user_profile_id) references user_profile
Hibernate: alter table if exists user_profile_outgoing_book_requests add constraint FKdf7tl4sqhkawgpyekhahjtegv foreign key (outgoing_book_requests_id) references book_request
Hibernate: alter table if exists user_profile_outgoing_book_requests add constraint FK8otyxt09ok14v8pqtbtlcne8a foreign key (user_profile_id) references user_profile
Hibernate: alter table if exists user_profile_notifications add constraint FKspgfauj74q0mgypxdtyg2k1v5 foreign key (user_profile_id) references user_profile
2024-05-09T12:00:57.929+03:00  INFO 23968 --- [           main] j.LocalContainerEntityManagerFactoryBean : Initialized JPA EntityManagerFactory for persistence unit 'default'
2024-05-09T12:00:57.996+03:00  WARN 23968 --- [           main] JpaBaseConfiguration$JpaWebConfiguration : spring.jpa.open-in-view is enabled by default. Therefore, database queries may be performed during view rendering. Explicitly configure spring.jpa.open-in-view to disable this warning
2024-05-09T12:00:58.032+03:00  INFO 23968 --- [           main] o.s.s.web.DefaultSecurityFilterChain     : Will secure any request with [org.springframework.security.web.session.DisableEncodeUrlFilter@3965b638, org.springframework.security.web.context.request.async.WebAsyncManagerIntegrationFilter@6e36d9ff, org.springframework.security.web.context.SecurityContextHolderFilter@37e4c18, org.springframework.security.web.header.HeaderWriterFilter@449e0693, org.springframework.web.filter.CorsFilter@34f7b98b, org.springframework.security.web.csrf.CsrfFilter@53e62429, org.springframework.security.web.authentication.logout.LogoutFilter@4f7848ad, org.springframework.security.web.authentication.UsernamePasswordAuthenticationFilter@34d5bd2f, org.springframework.security.web.savedrequest.RequestCacheAwareFilter@61dbe732, org.springframework.security.web.servletapi.SecurityContextHolderAwareRequestFilter@a89f8b7, org.springframework.security.web.authentication.AnonymousAuthenticationFilter@2dd246ff, org.springframework.security.web.access.ExceptionTranslationFilter@76d8a94, org.springframework.security.web.access.intercept.AuthorizationFilter@342dc6d4]
2024-05-09T12:00:58.064+03:00  INFO 23968 --- [           main] o.b.service.BookCategoryServiceTest      : Started BookCategoryServiceTest in 0.46 seconds (process running for 15.557)
Hibernate: select nextval('book_category_seq')
Hibernate: insert into book_category (name,id) values (?,?)
Hibernate: select nextval('book_category_seq')
Hibernate: insert into book_category (name,id) values (?,?)
Hibernate: insert into book_category (name,id) values (?,?)
Hibernate: select bc1_0.id,bc1_0.name from book_category bc1_0 where bc1_0.name=?
]]></system-out>
  </testcase>
  <testcase name="getBookCategoryOrElseCreate" classname="objectArmy.bookEater.service.BookCategoryServiceTest" time="0.596">
    <system-out><![CDATA[2024-05-09T12:00:58.078+03:00  INFO 23968 --- [           main] j.LocalContainerEntityManagerFactoryBean : Closing JPA EntityManagerFactory for persistence unit 'default'
2024-05-09T12:00:58.079+03:00  INFO 23968 --- [           main] com.zaxxer.hikari.HikariDataSource       : HikariPool-9 - Shutdown initiated...
2024-05-09T12:00:58.230+03:00  INFO 23968 --- [           main] com.zaxxer.hikari.HikariDataSource       : HikariPool-9 - Shutdown completed.

  .   ____          _            __ _ _
 /\\ / ___'_ __ _ _(_)_ __  __ _ \ \ \ \
( ( )\___ | '_ | '_| | '_ \/ _` | \ \ \ \
 \\/  ___)| |_)| | | | | || (_| |  ) ) ) )
  '  |____| .__|_| |_|_| |_\__, | / / / /
 =========|_|==============|___/=/_/_/_/
 :: Spring Boot ::                (v3.2.4)

2024-05-09T12:00:58.242+03:00  INFO 23968 --- [           main] o.b.service.BookCategoryServiceTest      : Starting BookCategoryServiceTest using Java 17.0.9 with PID 23968 (started by Philip in C:\Users\Philip\Desktop\Uni_Software_Engineering_Project\bookEater)
2024-05-09T12:00:58.242+03:00  INFO 23968 --- [           main] o.b.service.BookCategoryServiceTest      : No active profile set, falling back to 1 default profile: "default"
2024-05-09T12:00:58.313+03:00  INFO 23968 --- [           main] .s.d.r.c.RepositoryConfigurationDelegate : Bootstrapping Spring Data JPA repositories in DEFAULT mode.
2024-05-09T12:00:58.321+03:00  INFO 23968 --- [           main] .s.d.r.c.RepositoryConfigurationDelegate : Finished Spring Data repository scanning in 7 ms. Found 6 JPA repository interfaces.
2024-05-09T12:00:58.352+03:00  INFO 23968 --- [           main] o.hibernate.jpa.internal.util.LogHelper  : HHH000204: Processing PersistenceUnitInfo [name: default]
2024-05-09T12:00:58.353+03:00  INFO 23968 --- [           main] o.h.c.internal.RegionFactoryInitiator    : HHH000026: Second-level cache disabled
2024-05-09T12:00:58.356+03:00  INFO 23968 --- [           main] o.s.o.j.p.SpringPersistenceUnitInfo      : No LoadTimeWeaver setup: ignoring JPA class transformer
2024-05-09T12:00:58.356+03:00  INFO 23968 --- [           main] com.zaxxer.hikari.HikariDataSource       : HikariPool-10 - Starting...
2024-05-09T12:00:58.385+03:00  INFO 23968 --- [           main] com.zaxxer.hikari.pool.HikariPool        : HikariPool-10 - Added connection org.postgresql.jdbc.PgConnection@1f8e81e8
2024-05-09T12:00:58.385+03:00  INFO 23968 --- [           main] com.zaxxer.hikari.HikariDataSource       : HikariPool-10 - Start completed.
2024-05-09T12:00:58.447+03:00  INFO 23968 --- [           main] o.h.e.t.j.p.i.JtaPlatformInitiator       : HHH000490: Using JTA platform [org.hibernate.engine.transaction.jta.platform.internal.AtomikosJtaPlatform]
Hibernate: alter table if exists book_authors drop constraint if exists FK551i3sllw1wj7ex6nir16blsm
Hibernate: alter table if exists book_authors drop constraint if exists FKs4xm7q8i3uxvaiswj1c35nnxw
Hibernate: alter table if exists book_categories drop constraint if exists FKpm3c24k4vdceji5h47d5u9w2i
Hibernate: alter table if exists book_categories drop constraint if exists FKrq5mftm1ejl023epqbn42lpa3
Hibernate: alter table if exists book_offer drop constraint if exists FKepykb45t97hbcxpbee4s2hb2r
Hibernate: alter table if exists book_offer drop constraint if exists FKdr0ismuose2n030tfeiaq0mda
Hibernate: alter table if exists book_offer_requests drop constraint if exists FKqsawiycp7xjpk7rcvjmfy1kpk
Hibernate: alter table if exists book_offer_requests drop constraint if exists FKjbloa7h2g3bquw2bh3qg2kn1j
Hibernate: alter table if exists book_request drop constraint if exists FK6vrnsl74dq4aa1n9ail8c40s0
Hibernate: alter table if exists book_request drop constraint if exists FKm39gpcesvu1l60saexgsoptjt
Hibernate: alter table if exists user_profile_book_offers drop constraint if exists FKgb61wsmksnqfm248kppoven7b
Hibernate: alter table if exists user_profile_book_offers drop constraint if exists FK6yv2bwf2oh1ci2iefycyun9me
Hibernate: alter table if exists user_profile_favorite_categories drop constraint if exists FK3p4sugirsd434ls2uyr8lm1gp
Hibernate: alter table if exists user_profile_favorite_categories drop constraint if exists FKps6nqcwnrx9d25kryfte9pufe
Hibernate: alter table if exists user_profile_outgoing_book_requests drop constraint if exists FKdf7tl4sqhkawgpyekhahjtegv
Hibernate: alter table if exists user_profile_outgoing_book_requests drop constraint if exists FK8otyxt09ok14v8pqtbtlcne8a
Hibernate: alter table if exists user_profile_notifications drop constraint if exists FKspgfauj74q0mgypxdtyg2k1v5
Hibernate: drop table if exists author cascade
Hibernate: drop table if exists book cascade
Hibernate: drop table if exists book_authors cascade
Hibernate: drop table if exists book_categories cascade
Hibernate: drop table if exists book_category cascade
Hibernate: drop table if exists book_offer cascade
Hibernate: drop table if exists book_offer_requests cascade
Hibernate: drop table if exists book_request cascade
Hibernate: drop table if exists user_profile cascade
Hibernate: drop table if exists user_profile_book_offers cascade
Hibernate: drop table if exists user_profile_favorite_categories cascade
Hibernate: drop table if exists user_profile_outgoing_book_requests cascade
Hibernate: drop table if exists user_profile_notifications cascade
Hibernate: drop sequence if exists author_seq
Hibernate: drop sequence if exists book_category_seq
Hibernate: drop sequence if exists book_offer_seq
Hibernate: drop sequence if exists book_request_seq
Hibernate: drop sequence if exists book_seq
Hibernate: drop sequence if exists user_profile_seq
Hibernate: create sequence author_seq start with 1 increment by 50
Hibernate: create sequence book_category_seq start with 1 increment by 50
Hibernate: create sequence book_offer_seq start with 1 increment by 50
Hibernate: create sequence book_request_seq start with 1 increment by 50
Hibernate: create sequence book_seq start with 1 increment by 50
Hibernate: create sequence user_profile_seq start with 1 increment by 50
Hibernate: create table author (id integer not null, name varchar(255), primary key (id))
Hibernate: create table book (id integer not null, summary varchar(255), title varchar(255), primary key (id))
Hibernate: create table book_authors (authors_id integer not null, book_id integer not null)
Hibernate: create table book_categories (book_id integer not null, categories_id bigint not null)
Hibernate: create table book_category (id bigint not null, name varchar(255) unique, primary key (id))
Hibernate: create table book_offer (offered_book_id integer unique, id bigint not null, offeror_id bigint, post_date timestamp(6), offer_description varchar(255), primary key (id))
Hibernate: create table book_offer_requests (book_offer_id bigint not null, requests_id bigint not null unique)
Hibernate: create table book_request (book_offer_id bigint, id bigint not null, requestee_id bigint, primary key (id), unique (requestee_id, book_offer_id))
Hibernate: create table user_profile (date_of_birth date, id bigint not null, bio varchar(255), email varchar(255) unique, first_name varchar(255), last_name varchar(255), password varchar(255), primary key (id))
Hibernate: create table user_profile_book_offers (book_offers_id bigint not null unique, user_profile_id bigint not null)
Hibernate: create table user_profile_favorite_categories (favorite_categories_id bigint not null, user_profile_id bigint not null)
Hibernate: create table user_profile_outgoing_book_requests (outgoing_book_requests_id bigint not null unique, user_profile_id bigint not null)
Hibernate: create table user_profile_notifications (user_profile_id bigint not null, notifications varchar(255))
Hibernate: alter table if exists book_authors add constraint FK551i3sllw1wj7ex6nir16blsm foreign key (authors_id) references author
Hibernate: alter table if exists book_authors add constraint FKs4xm7q8i3uxvaiswj1c35nnxw foreign key (book_id) references book
Hibernate: alter table if exists book_categories add constraint FKpm3c24k4vdceji5h47d5u9w2i foreign key (categories_id) references book_category
Hibernate: alter table if exists book_categories add constraint FKrq5mftm1ejl023epqbn42lpa3 foreign key (book_id) references book
Hibernate: alter table if exists book_offer add constraint FKepykb45t97hbcxpbee4s2hb2r foreign key (offered_book_id) references book
Hibernate: alter table if exists book_offer add constraint FKdr0ismuose2n030tfeiaq0mda foreign key (offeror_id) references user_profile
Hibernate: alter table if exists book_offer_requests add constraint FKqsawiycp7xjpk7rcvjmfy1kpk foreign key (requests_id) references book_request
Hibernate: alter table if exists book_offer_requests add constraint FKjbloa7h2g3bquw2bh3qg2kn1j foreign key (book_offer_id) references book_offer
Hibernate: alter table if exists book_request add constraint FK6vrnsl74dq4aa1n9ail8c40s0 foreign key (book_offer_id) references book_offer
Hibernate: alter table if exists book_request add constraint FKm39gpcesvu1l60saexgsoptjt foreign key (requestee_id) references user_profile
Hibernate: alter table if exists user_profile_book_offers add constraint FKgb61wsmksnqfm248kppoven7b foreign key (book_offers_id) references book_offer
Hibernate: alter table if exists user_profile_book_offers add constraint FK6yv2bwf2oh1ci2iefycyun9me foreign key (user_profile_id) references user_profile
Hibernate: alter table if exists user_profile_favorite_categories add constraint FK3p4sugirsd434ls2uyr8lm1gp foreign key (favorite_categories_id) references book_category
Hibernate: alter table if exists user_profile_favorite_categories add constraint FKps6nqcwnrx9d25kryfte9pufe foreign key (user_profile_id) references user_profile
Hibernate: alter table if exists user_profile_outgoing_book_requests add constraint FKdf7tl4sqhkawgpyekhahjtegv foreign key (outgoing_book_requests_id) references book_request
Hibernate: alter table if exists user_profile_outgoing_book_requests add constraint FK8otyxt09ok14v8pqtbtlcne8a foreign key (user_profile_id) references user_profile
Hibernate: alter table if exists user_profile_notifications add constraint FKspgfauj74q0mgypxdtyg2k1v5 foreign key (user_profile_id) references user_profile
2024-05-09T12:00:58.530+03:00  INFO 23968 --- [           main] j.LocalContainerEntityManagerFactoryBean : Initialized JPA EntityManagerFactory for persistence unit 'default'
2024-05-09T12:00:58.591+03:00  WARN 23968 --- [           main] JpaBaseConfiguration$JpaWebConfiguration : spring.jpa.open-in-view is enabled by default. Therefore, database queries may be performed during view rendering. Explicitly configure spring.jpa.open-in-view to disable this warning
2024-05-09T12:00:58.636+03:00  INFO 23968 --- [           main] o.s.s.web.DefaultSecurityFilterChain     : Will secure any request with [org.springframework.security.web.session.DisableEncodeUrlFilter@5d0637ba, org.springframework.security.web.context.request.async.WebAsyncManagerIntegrationFilter@2b324335, org.springframework.security.web.context.SecurityContextHolderFilter@319041da, org.springframework.security.web.header.HeaderWriterFilter@65420507, org.springframework.web.filter.CorsFilter@741a14e4, org.springframework.security.web.csrf.CsrfFilter@4d3d02c9, org.springframework.security.web.authentication.logout.LogoutFilter@62e6f2db, org.springframework.security.web.authentication.UsernamePasswordAuthenticationFilter@8236c4f, org.springframework.security.web.savedrequest.RequestCacheAwareFilter@149e266b, org.springframework.security.web.servletapi.SecurityContextHolderAwareRequestFilter@24d4a409, org.springframework.security.web.authentication.AnonymousAuthenticationFilter@67485f3c, org.springframework.security.web.access.ExceptionTranslationFilter@41ee228b, org.springframework.security.web.access.intercept.AuthorizationFilter@65b2582]
2024-05-09T12:00:58.662+03:00  INFO 23968 --- [           main] o.b.service.BookCategoryServiceTest      : Started BookCategoryServiceTest in 0.429 seconds (process running for 16.155)
Hibernate: select nextval('book_category_seq')
Hibernate: insert into book_category (name,id) values (?,?)
Hibernate: select nextval('book_category_seq')
Hibernate: insert into book_category (name,id) values (?,?)
Hibernate: select bc1_0.id,bc1_0.name from book_category bc1_0 where bc1_0.name=?
Hibernate: insert into book_category (name,id) values (?,?)
Hibernate: select bc1_0.id,bc1_0.name from book_category bc1_0 where bc1_0.name=?
]]></system-out>
  </testcase>
  <testcase name="getBookCategories" classname="objectArmy.bookEater.service.BookCategoryServiceTest" time="0.456">
    <system-out><![CDATA[2024-05-09T12:00:58.674+03:00  INFO 23968 --- [           main] j.LocalContainerEntityManagerFactoryBean : Closing JPA EntityManagerFactory for persistence unit 'default'
2024-05-09T12:00:58.674+03:00  INFO 23968 --- [           main] com.zaxxer.hikari.HikariDataSource       : HikariPool-10 - Shutdown initiated...
2024-05-09T12:00:58.681+03:00  INFO 23968 --- [           main] com.zaxxer.hikari.HikariDataSource       : HikariPool-10 - Shutdown completed.

  .   ____          _            __ _ _
 /\\ / ___'_ __ _ _(_)_ __  __ _ \ \ \ \
( ( )\___ | '_ | '_| | '_ \/ _` | \ \ \ \
 \\/  ___)| |_)| | | | | || (_| |  ) ) ) )
  '  |____| .__|_| |_|_| |_\__, | / / / /
 =========|_|==============|___/=/_/_/_/
 :: Spring Boot ::                (v3.2.4)

2024-05-09T12:00:58.692+03:00  INFO 23968 --- [           main] o.b.service.BookCategoryServiceTest      : Starting BookCategoryServiceTest using Java 17.0.9 with PID 23968 (started by Philip in C:\Users\Philip\Desktop\Uni_Software_Engineering_Project\bookEater)
2024-05-09T12:00:58.692+03:00  INFO 23968 --- [           main] o.b.service.BookCategoryServiceTest      : No active profile set, falling back to 1 default profile: "default"
2024-05-09T12:00:58.773+03:00  INFO 23968 --- [           main] .s.d.r.c.RepositoryConfigurationDelegate : Bootstrapping Spring Data JPA repositories in DEFAULT mode.
2024-05-09T12:00:58.783+03:00  INFO 23968 --- [           main] .s.d.r.c.RepositoryConfigurationDelegate : Finished Spring Data repository scanning in 9 ms. Found 6 JPA repository interfaces.
2024-05-09T12:00:58.814+03:00  INFO 23968 --- [           main] o.hibernate.jpa.internal.util.LogHelper  : HHH000204: Processing PersistenceUnitInfo [name: default]
2024-05-09T12:00:58.816+03:00  INFO 23968 --- [           main] o.h.c.internal.RegionFactoryInitiator    : HHH000026: Second-level cache disabled
2024-05-09T12:00:58.818+03:00  INFO 23968 --- [           main] o.s.o.j.p.SpringPersistenceUnitInfo      : No LoadTimeWeaver setup: ignoring JPA class transformer
2024-05-09T12:00:58.819+03:00  INFO 23968 --- [           main] com.zaxxer.hikari.HikariDataSource       : HikariPool-11 - Starting...
2024-05-09T12:00:58.844+03:00  INFO 23968 --- [           main] com.zaxxer.hikari.pool.HikariPool        : HikariPool-11 - Added connection org.postgresql.jdbc.PgConnection@160b966a
2024-05-09T12:00:58.845+03:00  INFO 23968 --- [           main] com.zaxxer.hikari.HikariDataSource       : HikariPool-11 - Start completed.
2024-05-09T12:00:58.902+03:00  INFO 23968 --- [           main] o.h.e.t.j.p.i.JtaPlatformInitiator       : HHH000490: Using JTA platform [org.hibernate.engine.transaction.jta.platform.internal.AtomikosJtaPlatform]
Hibernate: alter table if exists book_authors drop constraint if exists FK551i3sllw1wj7ex6nir16blsm
Hibernate: alter table if exists book_authors drop constraint if exists FKs4xm7q8i3uxvaiswj1c35nnxw
Hibernate: alter table if exists book_categories drop constraint if exists FKpm3c24k4vdceji5h47d5u9w2i
Hibernate: alter table if exists book_categories drop constraint if exists FKrq5mftm1ejl023epqbn42lpa3
Hibernate: alter table if exists book_offer drop constraint if exists FKepykb45t97hbcxpbee4s2hb2r
Hibernate: alter table if exists book_offer drop constraint if exists FKdr0ismuose2n030tfeiaq0mda
Hibernate: alter table if exists book_offer_requests drop constraint if exists FKqsawiycp7xjpk7rcvjmfy1kpk
Hibernate: alter table if exists book_offer_requests drop constraint if exists FKjbloa7h2g3bquw2bh3qg2kn1j
Hibernate: alter table if exists book_request drop constraint if exists FK6vrnsl74dq4aa1n9ail8c40s0
Hibernate: alter table if exists book_request drop constraint if exists FKm39gpcesvu1l60saexgsoptjt
Hibernate: alter table if exists user_profile_book_offers drop constraint if exists FKgb61wsmksnqfm248kppoven7b
Hibernate: alter table if exists user_profile_book_offers drop constraint if exists FK6yv2bwf2oh1ci2iefycyun9me
Hibernate: alter table if exists user_profile_favorite_categories drop constraint if exists FK3p4sugirsd434ls2uyr8lm1gp
Hibernate: alter table if exists user_profile_favorite_categories drop constraint if exists FKps6nqcwnrx9d25kryfte9pufe
Hibernate: alter table if exists user_profile_outgoing_book_requests drop constraint if exists FKdf7tl4sqhkawgpyekhahjtegv
Hibernate: alter table if exists user_profile_outgoing_book_requests drop constraint if exists FK8otyxt09ok14v8pqtbtlcne8a
Hibernate: alter table if exists user_profile_notifications drop constraint if exists FKspgfauj74q0mgypxdtyg2k1v5
Hibernate: drop table if exists author cascade
Hibernate: drop table if exists book cascade
Hibernate: drop table if exists book_authors cascade
Hibernate: drop table if exists book_categories cascade
Hibernate: drop table if exists book_category cascade
Hibernate: drop table if exists book_offer cascade
Hibernate: drop table if exists book_offer_requests cascade
Hibernate: drop table if exists book_request cascade
Hibernate: drop table if exists user_profile cascade
Hibernate: drop table if exists user_profile_book_offers cascade
Hibernate: drop table if exists user_profile_favorite_categories cascade
Hibernate: drop table if exists user_profile_outgoing_book_requests cascade
Hibernate: drop table if exists user_profile_notifications cascade
Hibernate: drop sequence if exists author_seq
Hibernate: drop sequence if exists book_category_seq
Hibernate: drop sequence if exists book_offer_seq
Hibernate: drop sequence if exists book_request_seq
Hibernate: drop sequence if exists book_seq
Hibernate: drop sequence if exists user_profile_seq
Hibernate: create sequence author_seq start with 1 increment by 50
Hibernate: create sequence book_category_seq start with 1 increment by 50
Hibernate: create sequence book_offer_seq start with 1 increment by 50
Hibernate: create sequence book_request_seq start with 1 increment by 50
Hibernate: create sequence book_seq start with 1 increment by 50
Hibernate: create sequence user_profile_seq start with 1 increment by 50
Hibernate: create table author (id integer not null, name varchar(255), primary key (id))
Hibernate: create table book (id integer not null, summary varchar(255), title varchar(255), primary key (id))
Hibernate: create table book_authors (authors_id integer not null, book_id integer not null)
Hibernate: create table book_categories (book_id integer not null, categories_id bigint not null)
Hibernate: create table book_category (id bigint not null, name varchar(255) unique, primary key (id))
Hibernate: create table book_offer (offered_book_id integer unique, id bigint not null, offeror_id bigint, post_date timestamp(6), offer_description varchar(255), primary key (id))
Hibernate: create table book_offer_requests (book_offer_id bigint not null, requests_id bigint not null unique)
Hibernate: create table book_request (book_offer_id bigint, id bigint not null, requestee_id bigint, primary key (id), unique (requestee_id, book_offer_id))
Hibernate: create table user_profile (date_of_birth date, id bigint not null, bio varchar(255), email varchar(255) unique, first_name varchar(255), last_name varchar(255), password varchar(255), primary key (id))
Hibernate: create table user_profile_book_offers (book_offers_id bigint not null unique, user_profile_id bigint not null)
Hibernate: create table user_profile_favorite_categories (favorite_categories_id bigint not null, user_profile_id bigint not null)
Hibernate: create table user_profile_outgoing_book_requests (outgoing_book_requests_id bigint not null unique, user_profile_id bigint not null)
Hibernate: create table user_profile_notifications (user_profile_id bigint not null, notifications varchar(255))
Hibernate: alter table if exists book_authors add constraint FK551i3sllw1wj7ex6nir16blsm foreign key (authors_id) references author
Hibernate: alter table if exists book_authors add constraint FKs4xm7q8i3uxvaiswj1c35nnxw foreign key (book_id) references book
Hibernate: alter table if exists book_categories add constraint FKpm3c24k4vdceji5h47d5u9w2i foreign key (categories_id) references book_category
Hibernate: alter table if exists book_categories add constraint FKrq5mftm1ejl023epqbn42lpa3 foreign key (book_id) references book
Hibernate: alter table if exists book_offer add constraint FKepykb45t97hbcxpbee4s2hb2r foreign key (offered_book_id) references book
Hibernate: alter table if exists book_offer add constraint FKdr0ismuose2n030tfeiaq0mda foreign key (offeror_id) references user_profile
Hibernate: alter table if exists book_offer_requests add constraint FKqsawiycp7xjpk7rcvjmfy1kpk foreign key (requests_id) references book_request
Hibernate: alter table if exists book_offer_requests add constraint FKjbloa7h2g3bquw2bh3qg2kn1j foreign key (book_offer_id) references book_offer
Hibernate: alter table if exists book_request add constraint FK6vrnsl74dq4aa1n9ail8c40s0 foreign key (book_offer_id) references book_offer
Hibernate: alter table if exists book_request add constraint FKm39gpcesvu1l60saexgsoptjt foreign key (requestee_id) references user_profile
Hibernate: alter table if exists user_profile_book_offers add constraint FKgb61wsmksnqfm248kppoven7b foreign key (book_offers_id) references book_offer
Hibernate: alter table if exists user_profile_book_offers add constraint FK6yv2bwf2oh1ci2iefycyun9me foreign key (user_profile_id) references user_profile
Hibernate: alter table if exists user_profile_favorite_categories add constraint FK3p4sugirsd434ls2uyr8lm1gp foreign key (favorite_categories_id) references book_category
Hibernate: alter table if exists user_profile_favorite_categories add constraint FKps6nqcwnrx9d25kryfte9pufe foreign key (user_profile_id) references user_profile
Hibernate: alter table if exists user_profile_outgoing_book_requests add constraint FKdf7tl4sqhkawgpyekhahjtegv foreign key (outgoing_book_requests_id) references book_request
Hibernate: alter table if exists user_profile_outgoing_book_requests add constraint FK8otyxt09ok14v8pqtbtlcne8a foreign key (user_profile_id) references user_profile
Hibernate: alter table if exists user_profile_notifications add constraint FKspgfauj74q0mgypxdtyg2k1v5 foreign key (user_profile_id) references user_profile
2024-05-09T12:00:58.997+03:00  INFO 23968 --- [           main] j.LocalContainerEntityManagerFactoryBean : Initialized JPA EntityManagerFactory for persistence unit 'default'
2024-05-09T12:00:59.063+03:00  WARN 23968 --- [           main] JpaBaseConfiguration$JpaWebConfiguration : spring.jpa.open-in-view is enabled by default. Therefore, database queries may be performed during view rendering. Explicitly configure spring.jpa.open-in-view to disable this warning
2024-05-09T12:00:59.090+03:00  INFO 23968 --- [           main] o.s.s.web.DefaultSecurityFilterChain     : Will secure any request with [org.springframework.security.web.session.DisableEncodeUrlFilter@1ad779a6, org.springframework.security.web.context.request.async.WebAsyncManagerIntegrationFilter@6bbff66f, org.springframework.security.web.context.SecurityContextHolderFilter@2187cfc, org.springframework.security.web.header.HeaderWriterFilter@bb8a702, org.springframework.web.filter.CorsFilter@1046987b, org.springframework.security.web.csrf.CsrfFilter@1e6facc1, org.springframework.security.web.authentication.logout.LogoutFilter@b3a49aa, org.springframework.security.web.authentication.UsernamePasswordAuthenticationFilter@43790f7a, org.springframework.security.web.savedrequest.RequestCacheAwareFilter@61f2c1da, org.springframework.security.web.servletapi.SecurityContextHolderAwareRequestFilter@44a14a6, org.springframework.security.web.authentication.AnonymousAuthenticationFilter@1b4f57d6, org.springframework.security.web.access.ExceptionTranslationFilter@1c7f3446, org.springframework.security.web.access.intercept.AuthorizationFilter@288a7102]
2024-05-09T12:00:59.118+03:00  INFO 23968 --- [           main] o.b.service.BookCategoryServiceTest      : Started BookCategoryServiceTest in 0.436 seconds (process running for 16.612)
Hibernate: select nextval('book_category_seq')
Hibernate: insert into book_category (name,id) values (?,?)
Hibernate: select nextval('book_category_seq')
Hibernate: insert into book_category (name,id) values (?,?)
Hibernate: select bc1_0.id,bc1_0.name from book_category bc1_0
]]></system-out>
  </testcase>
</testsuite>